{
  "uid" : "4f4e8e5af0af0e8c",
  "name" : "registration()",
  "fullName" : "MobileTesting.tests.AccountTest.registration",
  "historyId" : "43654123208c6e7a3c356c0133360b1a",
  "time" : {
    "start" : 1716945443163,
    "stop" : 1716945503238,
    "duration" : 60075
  },
  "description" : "User registration",
  "descriptionHtml" : "<p>User registration</p>\n",
  "status" : "failed",
  "statusMessage" : "Element not found: By.xpath: //XCUIElementTypeStaticText[@name=\"Придумайте ПИН-код\"]",
  "statusTrace" : "java.lang.AssertionError: Element not found: By.xpath: //XCUIElementTypeStaticText[@name=\"Придумайте ПИН-код\"]\n\tat MobileTesting.robots.RobotHelper.assertElementExists(RobotHelper.java:131)\n\tat MobileTesting.robots.AccountRobot.fillingInProfileData(AccountRobot.java:182)\n\tat MobileTesting.tests.AccountTest.registration(AccountTest.java:36)\n\tat java.base/jdk.internal.reflect.DirectMethodHandleAccessor.invoke(DirectMethodHandleAccessor.java:103)\n\tat java.base/java.lang.reflect.Method.invoke(Method.java:580)\n\tat org.junit.platform.commons.util.ReflectionUtils.invokeMethod(ReflectionUtils.java:727)\n\tat org.junit.jupiter.engine.execution.MethodInvocation.proceed(MethodInvocation.java:60)\n\tat org.junit.jupiter.engine.execution.InvocationInterceptorChain$ValidatingInvocation.proceed(InvocationInterceptorChain.java:131)\n\tat org.junit.jupiter.engine.extension.TimeoutExtension.intercept(TimeoutExtension.java:156)\n\tat org.junit.jupiter.engine.extension.TimeoutExtension.interceptTestableMethod(TimeoutExtension.java:147)\n\tat org.junit.jupiter.engine.extension.TimeoutExtension.interceptTestMethod(TimeoutExtension.java:86)\n\tat org.junit.jupiter.engine.execution.InterceptingExecutableInvoker$ReflectiveInterceptorCall.lambda$ofVoidMethod$0(InterceptingExecutableInvoker.java:103)\n\tat org.junit.jupiter.engine.execution.InterceptingExecutableInvoker.lambda$invoke$0(InterceptingExecutableInvoker.java:93)\n\tat org.junit.jupiter.engine.execution.InvocationInterceptorChain$InterceptedInvocation.proceed(InvocationInterceptorChain.java:106)\n\tat org.junit.jupiter.engine.execution.InvocationInterceptorChain.proceed(InvocationInterceptorChain.java:64)\n\tat org.junit.jupiter.engine.execution.InvocationInterceptorChain.chainAndInvoke(InvocationInterceptorChain.java:45)\n\tat org.junit.jupiter.engine.execution.InvocationInterceptorChain.invoke(InvocationInterceptorChain.java:37)\n\tat org.junit.jupiter.engine.execution.InterceptingExecutableInvoker.invoke(InterceptingExecutableInvoker.java:92)\n\tat org.junit.jupiter.engine.execution.InterceptingExecutableInvoker.invoke(InterceptingExecutableInvoker.java:86)\n\tat org.junit.jupiter.engine.descriptor.TestMethodTestDescriptor.lambda$invokeTestMethod$7(TestMethodTestDescriptor.java:217)\n\tat org.junit.platform.engine.support.hierarchical.ThrowableCollector.execute(ThrowableCollector.java:73)\n\tat org.junit.jupiter.engine.descriptor.TestMethodTestDescriptor.invokeTestMethod(TestMethodTestDescriptor.java:213)\n\tat org.junit.jupiter.engine.descriptor.TestMethodTestDescriptor.execute(TestMethodTestDescriptor.java:138)\n\tat org.junit.jupiter.engine.descriptor.TestMethodTestDescriptor.execute(TestMethodTestDescriptor.java:68)\n\tat org.junit.platform.engine.support.hierarchical.NodeTestTask.lambda$executeRecursively$6(NodeTestTask.java:151)\n\tat org.junit.platform.engine.support.hierarchical.ThrowableCollector.execute(ThrowableCollector.java:73)\n\tat org.junit.platform.engine.support.hierarchical.NodeTestTask.lambda$executeRecursively$8(NodeTestTask.java:141)\n\tat org.junit.platform.engine.support.hierarchical.Node.around(Node.java:137)\n\tat org.junit.platform.engine.support.hierarchical.NodeTestTask.lambda$executeRecursively$9(NodeTestTask.java:139)\n\tat org.junit.platform.engine.support.hierarchical.ThrowableCollector.execute(ThrowableCollector.java:73)\n\tat org.junit.platform.engine.support.hierarchical.NodeTestTask.executeRecursively(NodeTestTask.java:138)\n\tat org.junit.platform.engine.support.hierarchical.NodeTestTask.execute(NodeTestTask.java:95)\n\tat java.base/java.util.ArrayList.forEach(ArrayList.java:1596)\n\tat org.junit.platform.engine.support.hierarchical.SameThreadHierarchicalTestExecutorService.invokeAll(SameThreadHierarchicalTestExecutorService.java:41)\n\tat org.junit.platform.engine.support.hierarchical.NodeTestTask.lambda$executeRecursively$6(NodeTestTask.java:155)\n\tat org.junit.platform.engine.support.hierarchical.ThrowableCollector.execute(ThrowableCollector.java:73)\n\tat org.junit.platform.engine.support.hierarchical.NodeTestTask.lambda$executeRecursively$8(NodeTestTask.java:141)\n\tat org.junit.platform.engine.support.hierarchical.Node.around(Node.java:137)\n\tat org.junit.platform.engine.support.hierarchical.NodeTestTask.lambda$executeRecursively$9(NodeTestTask.java:139)\n\tat org.junit.platform.engine.support.hierarchical.ThrowableCollector.execute(ThrowableCollector.java:73)\n\tat org.junit.platform.engine.support.hierarchical.NodeTestTask.executeRecursively(NodeTestTask.java:138)\n\tat org.junit.platform.engine.support.hierarchical.NodeTestTask.execute(NodeTestTask.java:95)\n\tat java.base/java.util.ArrayList.forEach(ArrayList.java:1596)\n\tat org.junit.platform.engine.support.hierarchical.SameThreadHierarchicalTestExecutorService.invokeAll(SameThreadHierarchicalTestExecutorService.java:41)\n\tat org.junit.platform.engine.support.hierarchical.NodeTestTask.lambda$executeRecursively$6(NodeTestTask.java:155)\n\tat org.junit.platform.engine.support.hierarchical.ThrowableCollector.execute(ThrowableCollector.java:73)\n\tat org.junit.platform.engine.support.hierarchical.NodeTestTask.lambda$executeRecursively$8(NodeTestTask.java:141)\n\tat org.junit.platform.engine.support.hierarchical.Node.around(Node.java:137)\n\tat org.junit.platform.engine.support.hierarchical.NodeTestTask.lambda$executeRecursively$9(NodeTestTask.java:139)\n\tat org.junit.platform.engine.support.hierarchical.ThrowableCollector.execute(ThrowableCollector.java:73)\n\tat org.junit.platform.engine.support.hierarchical.NodeTestTask.executeRecursively(NodeTestTask.java:138)\n\tat org.junit.platform.engine.support.hierarchical.NodeTestTask.execute(NodeTestTask.java:95)\n\tat org.junit.platform.engine.support.hierarchical.SameThreadHierarchicalTestExecutorService.submit(SameThreadHierarchicalTestExecutorService.java:35)\n\tat org.junit.platform.engine.support.hierarchical.HierarchicalTestExecutor.execute(HierarchicalTestExecutor.java:57)\n\tat org.junit.platform.engine.support.hierarchical.HierarchicalTestEngine.execute(HierarchicalTestEngine.java:54)\n\tat org.junit.platform.launcher.core.DefaultLauncher.execute(DefaultLauncher.java:229)\n\tat org.junit.platform.launcher.core.DefaultLauncher.lambda$execute$6(DefaultLauncher.java:197)\n\tat org.junit.platform.launcher.core.DefaultLauncher.withInterceptedStreams(DefaultLauncher.java:211)\n\tat org.junit.platform.launcher.core.DefaultLauncher.execute(DefaultLauncher.java:191)\n\tat org.junit.platform.launcher.core.DefaultLauncher.execute(DefaultLauncher.java:128)\n\tat org.apache.maven.surefire.junitplatform.JUnitPlatformProvider.invokeAllTests(JUnitPlatformProvider.java:165)\n\tat org.apache.maven.surefire.junitplatform.JUnitPlatformProvider.invoke(JUnitPlatformProvider.java:128)\n\tat org.apache.maven.surefire.booter.ForkedBooter.runSuitesInProcess(ForkedBooter.java:428)\n\tat org.apache.maven.surefire.booter.ForkedBooter.execute(ForkedBooter.java:162)\n\tat org.apache.maven.surefire.booter.ForkedBooter.run(ForkedBooter.java:562)\n\tat org.apache.maven.surefire.booter.ForkedBooter.main(ForkedBooter.java:548)\n",
  "flaky" : false,
  "newFailed" : false,
  "beforeStages" : [ ],
  "testStage" : {
    "description" : "User registration",
    "status" : "failed",
    "statusMessage" : "Element not found: By.xpath: //XCUIElementTypeStaticText[@name=\"Придумайте ПИН-код\"]",
    "statusTrace" : "java.lang.AssertionError: Element not found: By.xpath: //XCUIElementTypeStaticText[@name=\"Придумайте ПИН-код\"]\n\tat MobileTesting.robots.RobotHelper.assertElementExists(RobotHelper.java:131)\n\tat MobileTesting.robots.AccountRobot.fillingInProfileData(AccountRobot.java:182)\n\tat MobileTesting.tests.AccountTest.registration(AccountTest.java:36)\n\tat java.base/jdk.internal.reflect.DirectMethodHandleAccessor.invoke(DirectMethodHandleAccessor.java:103)\n\tat java.base/java.lang.reflect.Method.invoke(Method.java:580)\n\tat org.junit.platform.commons.util.ReflectionUtils.invokeMethod(ReflectionUtils.java:727)\n\tat org.junit.jupiter.engine.execution.MethodInvocation.proceed(MethodInvocation.java:60)\n\tat org.junit.jupiter.engine.execution.InvocationInterceptorChain$ValidatingInvocation.proceed(InvocationInterceptorChain.java:131)\n\tat org.junit.jupiter.engine.extension.TimeoutExtension.intercept(TimeoutExtension.java:156)\n\tat org.junit.jupiter.engine.extension.TimeoutExtension.interceptTestableMethod(TimeoutExtension.java:147)\n\tat org.junit.jupiter.engine.extension.TimeoutExtension.interceptTestMethod(TimeoutExtension.java:86)\n\tat org.junit.jupiter.engine.execution.InterceptingExecutableInvoker$ReflectiveInterceptorCall.lambda$ofVoidMethod$0(InterceptingExecutableInvoker.java:103)\n\tat org.junit.jupiter.engine.execution.InterceptingExecutableInvoker.lambda$invoke$0(InterceptingExecutableInvoker.java:93)\n\tat org.junit.jupiter.engine.execution.InvocationInterceptorChain$InterceptedInvocation.proceed(InvocationInterceptorChain.java:106)\n\tat org.junit.jupiter.engine.execution.InvocationInterceptorChain.proceed(InvocationInterceptorChain.java:64)\n\tat org.junit.jupiter.engine.execution.InvocationInterceptorChain.chainAndInvoke(InvocationInterceptorChain.java:45)\n\tat org.junit.jupiter.engine.execution.InvocationInterceptorChain.invoke(InvocationInterceptorChain.java:37)\n\tat org.junit.jupiter.engine.execution.InterceptingExecutableInvoker.invoke(InterceptingExecutableInvoker.java:92)\n\tat org.junit.jupiter.engine.execution.InterceptingExecutableInvoker.invoke(InterceptingExecutableInvoker.java:86)\n\tat org.junit.jupiter.engine.descriptor.TestMethodTestDescriptor.lambda$invokeTestMethod$7(TestMethodTestDescriptor.java:217)\n\tat org.junit.platform.engine.support.hierarchical.ThrowableCollector.execute(ThrowableCollector.java:73)\n\tat org.junit.jupiter.engine.descriptor.TestMethodTestDescriptor.invokeTestMethod(TestMethodTestDescriptor.java:213)\n\tat org.junit.jupiter.engine.descriptor.TestMethodTestDescriptor.execute(TestMethodTestDescriptor.java:138)\n\tat org.junit.jupiter.engine.descriptor.TestMethodTestDescriptor.execute(TestMethodTestDescriptor.java:68)\n\tat org.junit.platform.engine.support.hierarchical.NodeTestTask.lambda$executeRecursively$6(NodeTestTask.java:151)\n\tat org.junit.platform.engine.support.hierarchical.ThrowableCollector.execute(ThrowableCollector.java:73)\n\tat org.junit.platform.engine.support.hierarchical.NodeTestTask.lambda$executeRecursively$8(NodeTestTask.java:141)\n\tat org.junit.platform.engine.support.hierarchical.Node.around(Node.java:137)\n\tat org.junit.platform.engine.support.hierarchical.NodeTestTask.lambda$executeRecursively$9(NodeTestTask.java:139)\n\tat org.junit.platform.engine.support.hierarchical.ThrowableCollector.execute(ThrowableCollector.java:73)\n\tat org.junit.platform.engine.support.hierarchical.NodeTestTask.executeRecursively(NodeTestTask.java:138)\n\tat org.junit.platform.engine.support.hierarchical.NodeTestTask.execute(NodeTestTask.java:95)\n\tat java.base/java.util.ArrayList.forEach(ArrayList.java:1596)\n\tat org.junit.platform.engine.support.hierarchical.SameThreadHierarchicalTestExecutorService.invokeAll(SameThreadHierarchicalTestExecutorService.java:41)\n\tat org.junit.platform.engine.support.hierarchical.NodeTestTask.lambda$executeRecursively$6(NodeTestTask.java:155)\n\tat org.junit.platform.engine.support.hierarchical.ThrowableCollector.execute(ThrowableCollector.java:73)\n\tat org.junit.platform.engine.support.hierarchical.NodeTestTask.lambda$executeRecursively$8(NodeTestTask.java:141)\n\tat org.junit.platform.engine.support.hierarchical.Node.around(Node.java:137)\n\tat org.junit.platform.engine.support.hierarchical.NodeTestTask.lambda$executeRecursively$9(NodeTestTask.java:139)\n\tat org.junit.platform.engine.support.hierarchical.ThrowableCollector.execute(ThrowableCollector.java:73)\n\tat org.junit.platform.engine.support.hierarchical.NodeTestTask.executeRecursively(NodeTestTask.java:138)\n\tat org.junit.platform.engine.support.hierarchical.NodeTestTask.execute(NodeTestTask.java:95)\n\tat java.base/java.util.ArrayList.forEach(ArrayList.java:1596)\n\tat org.junit.platform.engine.support.hierarchical.SameThreadHierarchicalTestExecutorService.invokeAll(SameThreadHierarchicalTestExecutorService.java:41)\n\tat org.junit.platform.engine.support.hierarchical.NodeTestTask.lambda$executeRecursively$6(NodeTestTask.java:155)\n\tat org.junit.platform.engine.support.hierarchical.ThrowableCollector.execute(ThrowableCollector.java:73)\n\tat org.junit.platform.engine.support.hierarchical.NodeTestTask.lambda$executeRecursively$8(NodeTestTask.java:141)\n\tat org.junit.platform.engine.support.hierarchical.Node.around(Node.java:137)\n\tat org.junit.platform.engine.support.hierarchical.NodeTestTask.lambda$executeRecursively$9(NodeTestTask.java:139)\n\tat org.junit.platform.engine.support.hierarchical.ThrowableCollector.execute(ThrowableCollector.java:73)\n\tat org.junit.platform.engine.support.hierarchical.NodeTestTask.executeRecursively(NodeTestTask.java:138)\n\tat org.junit.platform.engine.support.hierarchical.NodeTestTask.execute(NodeTestTask.java:95)\n\tat org.junit.platform.engine.support.hierarchical.SameThreadHierarchicalTestExecutorService.submit(SameThreadHierarchicalTestExecutorService.java:35)\n\tat org.junit.platform.engine.support.hierarchical.HierarchicalTestExecutor.execute(HierarchicalTestExecutor.java:57)\n\tat org.junit.platform.engine.support.hierarchical.HierarchicalTestEngine.execute(HierarchicalTestEngine.java:54)\n\tat org.junit.platform.launcher.core.DefaultLauncher.execute(DefaultLauncher.java:229)\n\tat org.junit.platform.launcher.core.DefaultLauncher.lambda$execute$6(DefaultLauncher.java:197)\n\tat org.junit.platform.launcher.core.DefaultLauncher.withInterceptedStreams(DefaultLauncher.java:211)\n\tat org.junit.platform.launcher.core.DefaultLauncher.execute(DefaultLauncher.java:191)\n\tat org.junit.platform.launcher.core.DefaultLauncher.execute(DefaultLauncher.java:128)\n\tat org.apache.maven.surefire.junitplatform.JUnitPlatformProvider.invokeAllTests(JUnitPlatformProvider.java:165)\n\tat org.apache.maven.surefire.junitplatform.JUnitPlatformProvider.invoke(JUnitPlatformProvider.java:128)\n\tat org.apache.maven.surefire.booter.ForkedBooter.runSuitesInProcess(ForkedBooter.java:428)\n\tat org.apache.maven.surefire.booter.ForkedBooter.execute(ForkedBooter.java:162)\n\tat org.apache.maven.surefire.booter.ForkedBooter.run(ForkedBooter.java:562)\n\tat org.apache.maven.surefire.booter.ForkedBooter.main(ForkedBooter.java:548)\n",
    "steps" : [ {
      "name" : "Registration",
      "time" : {
        "start" : 1716945448063,
        "stop" : 1716945502018,
        "duration" : 53955
      },
      "status" : "failed",
      "statusMessage" : "Element not found: By.xpath: //XCUIElementTypeStaticText[@name=\"Придумайте ПИН-код\"]",
      "statusTrace" : "java.lang.AssertionError: Element not found: By.xpath: //XCUIElementTypeStaticText[@name=\"Придумайте ПИН-код\"]\n\tat MobileTesting.robots.RobotHelper.assertElementExists(RobotHelper.java:131)\n\tat MobileTesting.robots.AccountRobot.fillingInProfileData(AccountRobot.java:182)\n\tat MobileTesting.tests.AccountTest.registration(AccountTest.java:36)\n\tat java.base/jdk.internal.reflect.DirectMethodHandleAccessor.invoke(DirectMethodHandleAccessor.java:103)\n\tat java.base/java.lang.reflect.Method.invoke(Method.java:580)\n\tat org.junit.platform.commons.util.ReflectionUtils.invokeMethod(ReflectionUtils.java:727)\n\tat org.junit.jupiter.engine.execution.MethodInvocation.proceed(MethodInvocation.java:60)\n\tat org.junit.jupiter.engine.execution.InvocationInterceptorChain$ValidatingInvocation.proceed(InvocationInterceptorChain.java:131)\n\tat org.junit.jupiter.engine.extension.TimeoutExtension.intercept(TimeoutExtension.java:156)\n\tat org.junit.jupiter.engine.extension.TimeoutExtension.interceptTestableMethod(TimeoutExtension.java:147)\n\tat org.junit.jupiter.engine.extension.TimeoutExtension.interceptTestMethod(TimeoutExtension.java:86)\n\tat org.junit.jupiter.engine.execution.InterceptingExecutableInvoker$ReflectiveInterceptorCall.lambda$ofVoidMethod$0(InterceptingExecutableInvoker.java:103)\n\tat org.junit.jupiter.engine.execution.InterceptingExecutableInvoker.lambda$invoke$0(InterceptingExecutableInvoker.java:93)\n\tat org.junit.jupiter.engine.execution.InvocationInterceptorChain$InterceptedInvocation.proceed(InvocationInterceptorChain.java:106)\n\tat org.junit.jupiter.engine.execution.InvocationInterceptorChain.proceed(InvocationInterceptorChain.java:64)\n\tat org.junit.jupiter.engine.execution.InvocationInterceptorChain.chainAndInvoke(InvocationInterceptorChain.java:45)\n\tat org.junit.jupiter.engine.execution.InvocationInterceptorChain.invoke(InvocationInterceptorChain.java:37)\n\tat org.junit.jupiter.engine.execution.InterceptingExecutableInvoker.invoke(InterceptingExecutableInvoker.java:92)\n\tat org.junit.jupiter.engine.execution.InterceptingExecutableInvoker.invoke(InterceptingExecutableInvoker.java:86)\n\tat org.junit.jupiter.engine.descriptor.TestMethodTestDescriptor.lambda$invokeTestMethod$7(TestMethodTestDescriptor.java:217)\n\tat org.junit.platform.engine.support.hierarchical.ThrowableCollector.execute(ThrowableCollector.java:73)\n\tat org.junit.jupiter.engine.descriptor.TestMethodTestDescriptor.invokeTestMethod(TestMethodTestDescriptor.java:213)\n\tat org.junit.jupiter.engine.descriptor.TestMethodTestDescriptor.execute(TestMethodTestDescriptor.java:138)\n\tat org.junit.jupiter.engine.descriptor.TestMethodTestDescriptor.execute(TestMethodTestDescriptor.java:68)\n\tat org.junit.platform.engine.support.hierarchical.NodeTestTask.lambda$executeRecursively$6(NodeTestTask.java:151)\n\tat org.junit.platform.engine.support.hierarchical.ThrowableCollector.execute(ThrowableCollector.java:73)\n\tat org.junit.platform.engine.support.hierarchical.NodeTestTask.lambda$executeRecursively$8(NodeTestTask.java:141)\n\tat org.junit.platform.engine.support.hierarchical.Node.around(Node.java:137)\n\tat org.junit.platform.engine.support.hierarchical.NodeTestTask.lambda$executeRecursively$9(NodeTestTask.java:139)\n\tat org.junit.platform.engine.support.hierarchical.ThrowableCollector.execute(ThrowableCollector.java:73)\n\tat org.junit.platform.engine.support.hierarchical.NodeTestTask.executeRecursively(NodeTestTask.java:138)\n\tat org.junit.platform.engine.support.hierarchical.NodeTestTask.execute(NodeTestTask.java:95)\n\tat java.base/java.util.ArrayList.forEach(ArrayList.java:1596)\n\tat org.junit.platform.engine.support.hierarchical.SameThreadHierarchicalTestExecutorService.invokeAll(SameThreadHierarchicalTestExecutorService.java:41)\n\tat org.junit.platform.engine.support.hierarchical.NodeTestTask.lambda$executeRecursively$6(NodeTestTask.java:155)\n\tat org.junit.platform.engine.support.hierarchical.ThrowableCollector.execute(ThrowableCollector.java:73)\n\tat org.junit.platform.engine.support.hierarchical.NodeTestTask.lambda$executeRecursively$8(NodeTestTask.java:141)\n\tat org.junit.platform.engine.support.hierarchical.Node.around(Node.java:137)\n\tat org.junit.platform.engine.support.hierarchical.NodeTestTask.lambda$executeRecursively$9(NodeTestTask.java:139)\n\tat org.junit.platform.engine.support.hierarchical.ThrowableCollector.execute(ThrowableCollector.java:73)\n\tat org.junit.platform.engine.support.hierarchical.NodeTestTask.executeRecursively(NodeTestTask.java:138)\n\tat org.junit.platform.engine.support.hierarchical.NodeTestTask.execute(NodeTestTask.java:95)\n\tat java.base/java.util.ArrayList.forEach(ArrayList.java:1596)\n\tat org.junit.platform.engine.support.hierarchical.SameThreadHierarchicalTestExecutorService.invokeAll(SameThreadHierarchicalTestExecutorService.java:41)\n\tat org.junit.platform.engine.support.hierarchical.NodeTestTask.lambda$executeRecursively$6(NodeTestTask.java:155)\n\tat org.junit.platform.engine.support.hierarchical.ThrowableCollector.execute(ThrowableCollector.java:73)\n\tat org.junit.platform.engine.support.hierarchical.NodeTestTask.lambda$executeRecursively$8(NodeTestTask.java:141)\n\tat org.junit.platform.engine.support.hierarchical.Node.around(Node.java:137)\n\tat org.junit.platform.engine.support.hierarchical.NodeTestTask.lambda$executeRecursively$9(NodeTestTask.java:139)\n\tat org.junit.platform.engine.support.hierarchical.ThrowableCollector.execute(ThrowableCollector.java:73)\n\tat org.junit.platform.engine.support.hierarchical.NodeTestTask.executeRecursively(NodeTestTask.java:138)\n\tat org.junit.platform.engine.support.hierarchical.NodeTestTask.execute(NodeTestTask.java:95)\n\tat org.junit.platform.engine.support.hierarchical.SameThreadHierarchicalTestExecutorService.submit(SameThreadHierarchicalTestExecutorService.java:35)\n\tat org.junit.platform.engine.support.hierarchical.HierarchicalTestExecutor.execute(HierarchicalTestExecutor.java:57)\n\tat org.junit.platform.engine.support.hierarchical.HierarchicalTestEngine.execute(HierarchicalTestEngine.java:54)\n\tat org.junit.platform.launcher.core.DefaultLauncher.execute(DefaultLauncher.java:229)\n\tat org.junit.platform.launcher.core.DefaultLauncher.lambda$execute$6(DefaultLauncher.java:197)\n\tat org.junit.platform.launcher.core.DefaultLauncher.withInterceptedStreams(DefaultLauncher.java:211)\n\tat org.junit.platform.launcher.core.DefaultLauncher.execute(DefaultLauncher.java:191)\n\tat org.junit.platform.launcher.core.DefaultLauncher.execute(DefaultLauncher.java:128)\n\tat org.apache.maven.surefire.junitplatform.JUnitPlatformProvider.invokeAllTests(JUnitPlatformProvider.java:165)\n\tat org.apache.maven.surefire.junitplatform.JUnitPlatformProvider.invoke(JUnitPlatformProvider.java:128)\n\tat org.apache.maven.surefire.booter.ForkedBooter.runSuitesInProcess(ForkedBooter.java:428)\n\tat org.apache.maven.surefire.booter.ForkedBooter.execute(ForkedBooter.java:162)\n\tat org.apache.maven.surefire.booter.ForkedBooter.run(ForkedBooter.java:562)\n\tat org.apache.maven.surefire.booter.ForkedBooter.main(ForkedBooter.java:548)\n",
      "steps" : [ {
        "name" : "Click on registration button",
        "time" : {
          "start" : 1716945448063,
          "stop" : 1716945449154,
          "duration" : 1091
        },
        "status" : "passed",
        "steps" : [ ],
        "attachments" : [ {
          "uid" : "5576ec33512ca9d4",
          "name" : "Registration 1/6",
          "source" : "5576ec33512ca9d4.png",
          "type" : "image/png",
          "size" : 369435
        } ],
        "parameters" : [ ],
        "attachmentsCount" : 1,
        "shouldDisplayMessage" : false,
        "stepsCount" : 0,
        "hasContent" : true
      }, {
        "name" : "Confirm username",
        "time" : {
          "start" : 1716945449154,
          "stop" : 1716945457256,
          "duration" : 8102
        },
        "status" : "passed",
        "steps" : [ {
          "name" : "Confirm captcha",
          "time" : {
            "start" : 1716945451409,
            "stop" : 1716945454727,
            "duration" : 3318
          },
          "status" : "passed",
          "steps" : [ ],
          "attachments" : [ {
            "uid" : "4226d51fa555499b",
            "name" : "Captcha solved",
            "source" : "4226d51fa555499b.png",
            "type" : "image/png",
            "size" : 555601
          } ],
          "parameters" : [ ],
          "attachmentsCount" : 1,
          "shouldDisplayMessage" : false,
          "stepsCount" : 0,
          "hasContent" : true
        } ],
        "attachments" : [ {
          "uid" : "8d8f9e00341a1fec",
          "name" : "Username filled",
          "source" : "8d8f9e00341a1fec.png",
          "type" : "image/png",
          "size" : 317379
        }, {
          "uid" : "9bbdd594ab749172",
          "name" : "Username confirmation screen after captcha",
          "source" : "9bbdd594ab749172.png",
          "type" : "image/png",
          "size" : 143920
        } ],
        "parameters" : [ {
          "name" : "usernameReg",
          "value" : "test_411049@gmail.com"
        } ],
        "attachmentsCount" : 3,
        "shouldDisplayMessage" : false,
        "stepsCount" : 1,
        "hasContent" : true
      }, {
        "name" : "Confirm email",
        "time" : {
          "start" : 1716945457256,
          "stop" : 1716945460362,
          "duration" : 3106
        },
        "status" : "passed",
        "steps" : [ ],
        "attachments" : [ {
          "uid" : "a7f87e800fc0223e",
          "name" : "Registration 2/6",
          "source" : "a7f87e800fc0223e.png",
          "type" : "image/png",
          "size" : 254075
        }, {
          "uid" : "58df404273ecd464",
          "name" : "Registration 3/6",
          "source" : "58df404273ecd464.png",
          "type" : "image/png",
          "size" : 235973
        } ],
        "parameters" : [ ],
        "attachmentsCount" : 2,
        "shouldDisplayMessage" : false,
        "stepsCount" : 0,
        "hasContent" : true
      }, {
        "name" : "Confirm phone",
        "time" : {
          "start" : 1716945460362,
          "stop" : 1716945468457,
          "duration" : 8095
        },
        "status" : "passed",
        "steps" : [ ],
        "attachments" : [ {
          "uid" : "ba0c7b0a2db28b48",
          "name" : "Registration 4/6",
          "source" : "ba0c7b0a2db28b48.png",
          "type" : "image/png",
          "size" : 252438
        }, {
          "uid" : "df3b23030fec68bb",
          "name" : "Registration 5/6",
          "source" : "df3b23030fec68bb.png",
          "type" : "image/png",
          "size" : 199871
        } ],
        "parameters" : [ {
          "name" : "phoneNumber",
          "value" : "6945460362"
        } ],
        "attachmentsCount" : 2,
        "shouldDisplayMessage" : false,
        "stepsCount" : 0,
        "hasContent" : true
      }, {
        "name" : "Confirmation of password for registration",
        "time" : {
          "start" : 1716945468458,
          "stop" : 1716945473155,
          "duration" : 4697
        },
        "status" : "passed",
        "steps" : [ ],
        "attachments" : [ {
          "uid" : "d1b3e1ea9a464309",
          "name" : "Password filled",
          "source" : "d1b3e1ea9a464309.png",
          "type" : "image/png",
          "size" : 195015
        }, {
          "uid" : "2266ac49419b166c",
          "name" : "Agreed",
          "source" : "2266ac49419b166c.png",
          "type" : "image/png",
          "size" : 290106
        }, {
          "uid" : "d52b709408ef532f",
          "name" : "Next",
          "source" : "d52b709408ef532f.png",
          "type" : "image/png",
          "size" : 280787
        }, {
          "uid" : "3b9e2df1734d2e73",
          "name" : "Fill profile data",
          "source" : "3b9e2df1734d2e73.png",
          "type" : "image/png",
          "size" : 242686
        } ],
        "parameters" : [ {
          "name" : "password",
          "value" : "XCVvZRYE303859"
        } ],
        "attachmentsCount" : 4,
        "shouldDisplayMessage" : false,
        "stepsCount" : 0,
        "hasContent" : true
      }, {
        "name" : "Confirmation of password for registration",
        "time" : {
          "start" : 1716945473155,
          "stop" : 1716945502018,
          "duration" : 28863
        },
        "status" : "failed",
        "statusMessage" : "Element not found: By.xpath: //XCUIElementTypeStaticText[@name=\"Придумайте ПИН-код\"]",
        "statusTrace" : "java.lang.AssertionError: Element not found: By.xpath: //XCUIElementTypeStaticText[@name=\"Придумайте ПИН-код\"]\n\tat MobileTesting.robots.RobotHelper.assertElementExists(RobotHelper.java:131)\n\tat MobileTesting.robots.AccountRobot.fillingInProfileData(AccountRobot.java:182)\n\tat MobileTesting.tests.AccountTest.registration(AccountTest.java:36)\n\tat java.base/jdk.internal.reflect.DirectMethodHandleAccessor.invoke(DirectMethodHandleAccessor.java:103)\n\tat java.base/java.lang.reflect.Method.invoke(Method.java:580)\n\tat org.junit.platform.commons.util.ReflectionUtils.invokeMethod(ReflectionUtils.java:727)\n\tat org.junit.jupiter.engine.execution.MethodInvocation.proceed(MethodInvocation.java:60)\n\tat org.junit.jupiter.engine.execution.InvocationInterceptorChain$ValidatingInvocation.proceed(InvocationInterceptorChain.java:131)\n\tat org.junit.jupiter.engine.extension.TimeoutExtension.intercept(TimeoutExtension.java:156)\n\tat org.junit.jupiter.engine.extension.TimeoutExtension.interceptTestableMethod(TimeoutExtension.java:147)\n\tat org.junit.jupiter.engine.extension.TimeoutExtension.interceptTestMethod(TimeoutExtension.java:86)\n\tat org.junit.jupiter.engine.execution.InterceptingExecutableInvoker$ReflectiveInterceptorCall.lambda$ofVoidMethod$0(InterceptingExecutableInvoker.java:103)\n\tat org.junit.jupiter.engine.execution.InterceptingExecutableInvoker.lambda$invoke$0(InterceptingExecutableInvoker.java:93)\n\tat org.junit.jupiter.engine.execution.InvocationInterceptorChain$InterceptedInvocation.proceed(InvocationInterceptorChain.java:106)\n\tat org.junit.jupiter.engine.execution.InvocationInterceptorChain.proceed(InvocationInterceptorChain.java:64)\n\tat org.junit.jupiter.engine.execution.InvocationInterceptorChain.chainAndInvoke(InvocationInterceptorChain.java:45)\n\tat org.junit.jupiter.engine.execution.InvocationInterceptorChain.invoke(InvocationInterceptorChain.java:37)\n\tat org.junit.jupiter.engine.execution.InterceptingExecutableInvoker.invoke(InterceptingExecutableInvoker.java:92)\n\tat org.junit.jupiter.engine.execution.InterceptingExecutableInvoker.invoke(InterceptingExecutableInvoker.java:86)\n\tat org.junit.jupiter.engine.descriptor.TestMethodTestDescriptor.lambda$invokeTestMethod$7(TestMethodTestDescriptor.java:217)\n\tat org.junit.platform.engine.support.hierarchical.ThrowableCollector.execute(ThrowableCollector.java:73)\n\tat org.junit.jupiter.engine.descriptor.TestMethodTestDescriptor.invokeTestMethod(TestMethodTestDescriptor.java:213)\n\tat org.junit.jupiter.engine.descriptor.TestMethodTestDescriptor.execute(TestMethodTestDescriptor.java:138)\n\tat org.junit.jupiter.engine.descriptor.TestMethodTestDescriptor.execute(TestMethodTestDescriptor.java:68)\n\tat org.junit.platform.engine.support.hierarchical.NodeTestTask.lambda$executeRecursively$6(NodeTestTask.java:151)\n\tat org.junit.platform.engine.support.hierarchical.ThrowableCollector.execute(ThrowableCollector.java:73)\n\tat org.junit.platform.engine.support.hierarchical.NodeTestTask.lambda$executeRecursively$8(NodeTestTask.java:141)\n\tat org.junit.platform.engine.support.hierarchical.Node.around(Node.java:137)\n\tat org.junit.platform.engine.support.hierarchical.NodeTestTask.lambda$executeRecursively$9(NodeTestTask.java:139)\n\tat org.junit.platform.engine.support.hierarchical.ThrowableCollector.execute(ThrowableCollector.java:73)\n\tat org.junit.platform.engine.support.hierarchical.NodeTestTask.executeRecursively(NodeTestTask.java:138)\n\tat org.junit.platform.engine.support.hierarchical.NodeTestTask.execute(NodeTestTask.java:95)\n\tat java.base/java.util.ArrayList.forEach(ArrayList.java:1596)\n\tat org.junit.platform.engine.support.hierarchical.SameThreadHierarchicalTestExecutorService.invokeAll(SameThreadHierarchicalTestExecutorService.java:41)\n\tat org.junit.platform.engine.support.hierarchical.NodeTestTask.lambda$executeRecursively$6(NodeTestTask.java:155)\n\tat org.junit.platform.engine.support.hierarchical.ThrowableCollector.execute(ThrowableCollector.java:73)\n\tat org.junit.platform.engine.support.hierarchical.NodeTestTask.lambda$executeRecursively$8(NodeTestTask.java:141)\n\tat org.junit.platform.engine.support.hierarchical.Node.around(Node.java:137)\n\tat org.junit.platform.engine.support.hierarchical.NodeTestTask.lambda$executeRecursively$9(NodeTestTask.java:139)\n\tat org.junit.platform.engine.support.hierarchical.ThrowableCollector.execute(ThrowableCollector.java:73)\n\tat org.junit.platform.engine.support.hierarchical.NodeTestTask.executeRecursively(NodeTestTask.java:138)\n\tat org.junit.platform.engine.support.hierarchical.NodeTestTask.execute(NodeTestTask.java:95)\n\tat java.base/java.util.ArrayList.forEach(ArrayList.java:1596)\n\tat org.junit.platform.engine.support.hierarchical.SameThreadHierarchicalTestExecutorService.invokeAll(SameThreadHierarchicalTestExecutorService.java:41)\n\tat org.junit.platform.engine.support.hierarchical.NodeTestTask.lambda$executeRecursively$6(NodeTestTask.java:155)\n\tat org.junit.platform.engine.support.hierarchical.ThrowableCollector.execute(ThrowableCollector.java:73)\n\tat org.junit.platform.engine.support.hierarchical.NodeTestTask.lambda$executeRecursively$8(NodeTestTask.java:141)\n\tat org.junit.platform.engine.support.hierarchical.Node.around(Node.java:137)\n\tat org.junit.platform.engine.support.hierarchical.NodeTestTask.lambda$executeRecursively$9(NodeTestTask.java:139)\n\tat org.junit.platform.engine.support.hierarchical.ThrowableCollector.execute(ThrowableCollector.java:73)\n\tat org.junit.platform.engine.support.hierarchical.NodeTestTask.executeRecursively(NodeTestTask.java:138)\n\tat org.junit.platform.engine.support.hierarchical.NodeTestTask.execute(NodeTestTask.java:95)\n\tat org.junit.platform.engine.support.hierarchical.SameThreadHierarchicalTestExecutorService.submit(SameThreadHierarchicalTestExecutorService.java:35)\n\tat org.junit.platform.engine.support.hierarchical.HierarchicalTestExecutor.execute(HierarchicalTestExecutor.java:57)\n\tat org.junit.platform.engine.support.hierarchical.HierarchicalTestEngine.execute(HierarchicalTestEngine.java:54)\n\tat org.junit.platform.launcher.core.DefaultLauncher.execute(DefaultLauncher.java:229)\n\tat org.junit.platform.launcher.core.DefaultLauncher.lambda$execute$6(DefaultLauncher.java:197)\n\tat org.junit.platform.launcher.core.DefaultLauncher.withInterceptedStreams(DefaultLauncher.java:211)\n\tat org.junit.platform.launcher.core.DefaultLauncher.execute(DefaultLauncher.java:191)\n\tat org.junit.platform.launcher.core.DefaultLauncher.execute(DefaultLauncher.java:128)\n\tat org.apache.maven.surefire.junitplatform.JUnitPlatformProvider.invokeAllTests(JUnitPlatformProvider.java:165)\n\tat org.apache.maven.surefire.junitplatform.JUnitPlatformProvider.invoke(JUnitPlatformProvider.java:128)\n\tat org.apache.maven.surefire.booter.ForkedBooter.runSuitesInProcess(ForkedBooter.java:428)\n\tat org.apache.maven.surefire.booter.ForkedBooter.execute(ForkedBooter.java:162)\n\tat org.apache.maven.surefire.booter.ForkedBooter.run(ForkedBooter.java:562)\n\tat org.apache.maven.surefire.booter.ForkedBooter.main(ForkedBooter.java:548)\n",
        "steps" : [ ],
        "attachments" : [ {
          "uid" : "e3b772acd06c25bb",
          "name" : "Registration 6/6",
          "source" : "e3b772acd06c25bb.png",
          "type" : "image/png",
          "size" : 242770
        }, {
          "uid" : "102ee249563b2ed9",
          "name" : "Docs dropdown",
          "source" : "102ee249563b2ed9.png",
          "type" : "image/png",
          "size" : 83699
        } ],
        "parameters" : [ ],
        "attachmentsCount" : 2,
        "shouldDisplayMessage" : true,
        "stepsCount" : 0,
        "hasContent" : true
      } ],
      "attachments" : [ ],
      "parameters" : [ ],
      "attachmentsCount" : 14,
      "shouldDisplayMessage" : false,
      "stepsCount" : 7,
      "hasContent" : true
    } ],
    "attachments" : [ {
      "uid" : "6de1512c0674df56",
      "name" : "Final screenshot",
      "source" : "6de1512c0674df56.png",
      "type" : "image/png",
      "size" : 332210
    } ],
    "parameters" : [ ],
    "attachmentsCount" : 15,
    "shouldDisplayMessage" : false,
    "stepsCount" : 8,
    "hasContent" : true
  },
  "afterStages" : [ ],
  "labels" : [ {
    "name" : "owner",
    "value" : "Daniil Tarasenko"
  }, {
    "name" : "host",
    "value" : "Mac-mini-1.local"
  }, {
    "name" : "thread",
    "value" : "53366@Mac-mini-1.local.main(1)"
  }, {
    "name" : "framework",
    "value" : "junit-platform"
  }, {
    "name" : "language",
    "value" : "java"
  }, {
    "name" : "package",
    "value" : "MobileTesting.tests.AccountTest"
  }, {
    "name" : "testClass",
    "value" : "MobileTesting.tests.AccountTest"
  }, {
    "name" : "testMethod",
    "value" : "registration"
  }, {
    "name" : "suite",
    "value" : "MobileTesting.tests.AccountTest"
  }, {
    "name" : "resultFormat",
    "value" : "allure2"
  } ],
  "parameters" : [ ],
  "links" : [ ],
  "hidden" : false,
  "retry" : false,
  "extra" : {
    "severity" : "normal",
    "owner" : "Daniil Tarasenko",
    "retries" : [ ],
    "categories" : [ {
      "name" : "Product defects",
      "matchedStatuses" : [ ],
      "flaky" : false
    } ],
    "history" : {
      "statistic" : {
        "failed" : 5,
        "broken" : 1,
        "skipped" : 0,
        "passed" : 0,
        "unknown" : 0,
        "total" : 6
      },
      "items" : [ {
        "uid" : "1cb272451241bfea",
        "status" : "failed",
        "statusDetails" : "Element not found: By.xpath: //XCUIElementTypeStaticText[@name=\"Придумайте ПИН-код\"]",
        "time" : {
          "start" : 1716924937967,
          "stop" : 1716925050085,
          "duration" : 112118
        }
      }, {
        "uid" : "c90cf79070fe7abf",
        "status" : "failed",
        "statusDetails" : "Element not found: By.xpath: //XCUIElementTypeStaticText[@name=\"Придумайте ПИН-код\"]",
        "time" : {
          "start" : 1716903125080,
          "stop" : 1716903263034,
          "duration" : 137954
        }
      }, {
        "uid" : "8bbc7f0a5361d596",
        "status" : "failed",
        "statusDetails" : "Element not found: By.xpath: //XCUIElementTypeStaticText[@name=\"Придумайте ПИН-код\"]",
        "time" : {
          "start" : 1716837173356,
          "stop" : 1716837284316,
          "duration" : 110960
        }
      }, {
        "uid" : "684339939bf6d7b7",
        "status" : "broken",
        "statusDetails" : "Expected condition failed: waiting for visibility of element located by By.xpath: //XCUIElementTypeStaticText[@name=\"2 / 6\"] (tried for 60 second(s) with 500 milliseconds interval)",
        "time" : {
          "start" : 1716824409200,
          "stop" : 1716824530077,
          "duration" : 120877
        }
      }, {
        "uid" : "6b44b1dca713ca2",
        "status" : "failed",
        "statusDetails" : "Element not found: By.xpath: //XCUIElementTypeStaticText[@name=\"Придумайте ПИН-код\"]",
        "time" : {
          "start" : 1716817978588,
          "stop" : 1716818095626,
          "duration" : 117038
        }
      } ]
    },
    "tags" : [ ]
  },
  "source" : "4f4e8e5af0af0e8c.json",
  "parameterValues" : [ ]
}