{
  "uid" : "69c212449bc7d394",
  "name" : "allergyTests()",
  "fullName" : "MobileTesting.tests.MedcardTest.allergyTests",
  "historyId" : "b9c2a3d2f8f0960d733fe9e0e6ba0092",
  "time" : {
    "start" : 1716814000209,
    "stop" : 1716814292938,
    "duration" : 292729
  },
  "description" : "Add and delete allergy",
  "descriptionHtml" : "<p>Add and delete allergy</p>\n",
  "status" : "failed",
  "statusMessage" : "Element not found with accessibility ID: By.xpath: //XCUIElementTypeStaticText[@name=\"Заключения врачей\"]",
  "statusTrace" : "java.lang.AssertionError: Element not found with accessibility ID: By.xpath: //XCUIElementTypeStaticText[@name=\"Заключения врачей\"]\n\tat MobileTesting.robots.RobotHelper.assertElementsExist(RobotHelper.java:245)\n\tat MobileTesting.robots.MedcardRobot.clickOnMedcard(MedcardRobot.java:249)\n\tat MobileTesting.tests.MedcardTest.allergyTests(MedcardTest.java:70)\n\tat java.base/jdk.internal.reflect.DirectMethodHandleAccessor.invoke(DirectMethodHandleAccessor.java:103)\n\tat java.base/java.lang.reflect.Method.invoke(Method.java:580)\n\tat org.junit.platform.commons.util.ReflectionUtils.invokeMethod(ReflectionUtils.java:727)\n\tat org.junit.jupiter.engine.execution.MethodInvocation.proceed(MethodInvocation.java:60)\n\tat org.junit.jupiter.engine.execution.InvocationInterceptorChain$ValidatingInvocation.proceed(InvocationInterceptorChain.java:131)\n\tat org.junit.jupiter.engine.extension.TimeoutExtension.intercept(TimeoutExtension.java:156)\n\tat org.junit.jupiter.engine.extension.TimeoutExtension.interceptTestableMethod(TimeoutExtension.java:147)\n\tat org.junit.jupiter.engine.extension.TimeoutExtension.interceptTestMethod(TimeoutExtension.java:86)\n\tat org.junit.jupiter.engine.execution.InterceptingExecutableInvoker$ReflectiveInterceptorCall.lambda$ofVoidMethod$0(InterceptingExecutableInvoker.java:103)\n\tat org.junit.jupiter.engine.execution.InterceptingExecutableInvoker.lambda$invoke$0(InterceptingExecutableInvoker.java:93)\n\tat org.junit.jupiter.engine.execution.InvocationInterceptorChain$InterceptedInvocation.proceed(InvocationInterceptorChain.java:106)\n\tat org.junit.jupiter.engine.execution.InvocationInterceptorChain.proceed(InvocationInterceptorChain.java:64)\n\tat org.junit.jupiter.engine.execution.InvocationInterceptorChain.chainAndInvoke(InvocationInterceptorChain.java:45)\n\tat org.junit.jupiter.engine.execution.InvocationInterceptorChain.invoke(InvocationInterceptorChain.java:37)\n\tat org.junit.jupiter.engine.execution.InterceptingExecutableInvoker.invoke(InterceptingExecutableInvoker.java:92)\n\tat org.junit.jupiter.engine.execution.InterceptingExecutableInvoker.invoke(InterceptingExecutableInvoker.java:86)\n\tat org.junit.jupiter.engine.descriptor.TestMethodTestDescriptor.lambda$invokeTestMethod$7(TestMethodTestDescriptor.java:217)\n\tat org.junit.platform.engine.support.hierarchical.ThrowableCollector.execute(ThrowableCollector.java:73)\n\tat org.junit.jupiter.engine.descriptor.TestMethodTestDescriptor.invokeTestMethod(TestMethodTestDescriptor.java:213)\n\tat org.junit.jupiter.engine.descriptor.TestMethodTestDescriptor.execute(TestMethodTestDescriptor.java:138)\n\tat org.junit.jupiter.engine.descriptor.TestMethodTestDescriptor.execute(TestMethodTestDescriptor.java:68)\n\tat org.junit.platform.engine.support.hierarchical.NodeTestTask.lambda$executeRecursively$6(NodeTestTask.java:151)\n\tat org.junit.platform.engine.support.hierarchical.ThrowableCollector.execute(ThrowableCollector.java:73)\n\tat org.junit.platform.engine.support.hierarchical.NodeTestTask.lambda$executeRecursively$8(NodeTestTask.java:141)\n\tat org.junit.platform.engine.support.hierarchical.Node.around(Node.java:137)\n\tat org.junit.platform.engine.support.hierarchical.NodeTestTask.lambda$executeRecursively$9(NodeTestTask.java:139)\n\tat org.junit.platform.engine.support.hierarchical.ThrowableCollector.execute(ThrowableCollector.java:73)\n\tat org.junit.platform.engine.support.hierarchical.NodeTestTask.executeRecursively(NodeTestTask.java:138)\n\tat org.junit.platform.engine.support.hierarchical.NodeTestTask.execute(NodeTestTask.java:95)\n\tat java.base/java.util.ArrayList.forEach(ArrayList.java:1596)\n\tat org.junit.platform.engine.support.hierarchical.SameThreadHierarchicalTestExecutorService.invokeAll(SameThreadHierarchicalTestExecutorService.java:41)\n\tat org.junit.platform.engine.support.hierarchical.NodeTestTask.lambda$executeRecursively$6(NodeTestTask.java:155)\n\tat org.junit.platform.engine.support.hierarchical.ThrowableCollector.execute(ThrowableCollector.java:73)\n\tat org.junit.platform.engine.support.hierarchical.NodeTestTask.lambda$executeRecursively$8(NodeTestTask.java:141)\n\tat org.junit.platform.engine.support.hierarchical.Node.around(Node.java:137)\n\tat org.junit.platform.engine.support.hierarchical.NodeTestTask.lambda$executeRecursively$9(NodeTestTask.java:139)\n\tat org.junit.platform.engine.support.hierarchical.ThrowableCollector.execute(ThrowableCollector.java:73)\n\tat org.junit.platform.engine.support.hierarchical.NodeTestTask.executeRecursively(NodeTestTask.java:138)\n\tat org.junit.platform.engine.support.hierarchical.NodeTestTask.execute(NodeTestTask.java:95)\n\tat java.base/java.util.ArrayList.forEach(ArrayList.java:1596)\n\tat org.junit.platform.engine.support.hierarchical.SameThreadHierarchicalTestExecutorService.invokeAll(SameThreadHierarchicalTestExecutorService.java:41)\n\tat org.junit.platform.engine.support.hierarchical.NodeTestTask.lambda$executeRecursively$6(NodeTestTask.java:155)\n\tat org.junit.platform.engine.support.hierarchical.ThrowableCollector.execute(ThrowableCollector.java:73)\n\tat org.junit.platform.engine.support.hierarchical.NodeTestTask.lambda$executeRecursively$8(NodeTestTask.java:141)\n\tat org.junit.platform.engine.support.hierarchical.Node.around(Node.java:137)\n\tat org.junit.platform.engine.support.hierarchical.NodeTestTask.lambda$executeRecursively$9(NodeTestTask.java:139)\n\tat org.junit.platform.engine.support.hierarchical.ThrowableCollector.execute(ThrowableCollector.java:73)\n\tat org.junit.platform.engine.support.hierarchical.NodeTestTask.executeRecursively(NodeTestTask.java:138)\n\tat org.junit.platform.engine.support.hierarchical.NodeTestTask.execute(NodeTestTask.java:95)\n\tat org.junit.platform.engine.support.hierarchical.SameThreadHierarchicalTestExecutorService.submit(SameThreadHierarchicalTestExecutorService.java:35)\n\tat org.junit.platform.engine.support.hierarchical.HierarchicalTestExecutor.execute(HierarchicalTestExecutor.java:57)\n\tat org.junit.platform.engine.support.hierarchical.HierarchicalTestEngine.execute(HierarchicalTestEngine.java:54)\n\tat org.junit.platform.launcher.core.DefaultLauncher.execute(DefaultLauncher.java:229)\n\tat org.junit.platform.launcher.core.DefaultLauncher.lambda$execute$6(DefaultLauncher.java:197)\n\tat org.junit.platform.launcher.core.DefaultLauncher.withInterceptedStreams(DefaultLauncher.java:211)\n\tat org.junit.platform.launcher.core.DefaultLauncher.execute(DefaultLauncher.java:191)\n\tat org.junit.platform.launcher.core.DefaultLauncher.execute(DefaultLauncher.java:128)\n\tat org.apache.maven.surefire.junitplatform.JUnitPlatformProvider.invokeAllTests(JUnitPlatformProvider.java:165)\n\tat org.apache.maven.surefire.junitplatform.JUnitPlatformProvider.invoke(JUnitPlatformProvider.java:128)\n\tat org.apache.maven.surefire.booter.ForkedBooter.runSuitesInProcess(ForkedBooter.java:428)\n\tat org.apache.maven.surefire.booter.ForkedBooter.execute(ForkedBooter.java:162)\n\tat org.apache.maven.surefire.booter.ForkedBooter.run(ForkedBooter.java:562)\n\tat org.apache.maven.surefire.booter.ForkedBooter.main(ForkedBooter.java:548)\n",
  "flaky" : false,
  "newFailed" : false,
  "beforeStages" : [ ],
  "testStage" : {
    "description" : "Add and delete allergy",
    "status" : "failed",
    "statusMessage" : "Element not found with accessibility ID: By.xpath: //XCUIElementTypeStaticText[@name=\"Заключения врачей\"]",
    "statusTrace" : "java.lang.AssertionError: Element not found with accessibility ID: By.xpath: //XCUIElementTypeStaticText[@name=\"Заключения врачей\"]\n\tat MobileTesting.robots.RobotHelper.assertElementsExist(RobotHelper.java:245)\n\tat MobileTesting.robots.MedcardRobot.clickOnMedcard(MedcardRobot.java:249)\n\tat MobileTesting.tests.MedcardTest.allergyTests(MedcardTest.java:70)\n\tat java.base/jdk.internal.reflect.DirectMethodHandleAccessor.invoke(DirectMethodHandleAccessor.java:103)\n\tat java.base/java.lang.reflect.Method.invoke(Method.java:580)\n\tat org.junit.platform.commons.util.ReflectionUtils.invokeMethod(ReflectionUtils.java:727)\n\tat org.junit.jupiter.engine.execution.MethodInvocation.proceed(MethodInvocation.java:60)\n\tat org.junit.jupiter.engine.execution.InvocationInterceptorChain$ValidatingInvocation.proceed(InvocationInterceptorChain.java:131)\n\tat org.junit.jupiter.engine.extension.TimeoutExtension.intercept(TimeoutExtension.java:156)\n\tat org.junit.jupiter.engine.extension.TimeoutExtension.interceptTestableMethod(TimeoutExtension.java:147)\n\tat org.junit.jupiter.engine.extension.TimeoutExtension.interceptTestMethod(TimeoutExtension.java:86)\n\tat org.junit.jupiter.engine.execution.InterceptingExecutableInvoker$ReflectiveInterceptorCall.lambda$ofVoidMethod$0(InterceptingExecutableInvoker.java:103)\n\tat org.junit.jupiter.engine.execution.InterceptingExecutableInvoker.lambda$invoke$0(InterceptingExecutableInvoker.java:93)\n\tat org.junit.jupiter.engine.execution.InvocationInterceptorChain$InterceptedInvocation.proceed(InvocationInterceptorChain.java:106)\n\tat org.junit.jupiter.engine.execution.InvocationInterceptorChain.proceed(InvocationInterceptorChain.java:64)\n\tat org.junit.jupiter.engine.execution.InvocationInterceptorChain.chainAndInvoke(InvocationInterceptorChain.java:45)\n\tat org.junit.jupiter.engine.execution.InvocationInterceptorChain.invoke(InvocationInterceptorChain.java:37)\n\tat org.junit.jupiter.engine.execution.InterceptingExecutableInvoker.invoke(InterceptingExecutableInvoker.java:92)\n\tat org.junit.jupiter.engine.execution.InterceptingExecutableInvoker.invoke(InterceptingExecutableInvoker.java:86)\n\tat org.junit.jupiter.engine.descriptor.TestMethodTestDescriptor.lambda$invokeTestMethod$7(TestMethodTestDescriptor.java:217)\n\tat org.junit.platform.engine.support.hierarchical.ThrowableCollector.execute(ThrowableCollector.java:73)\n\tat org.junit.jupiter.engine.descriptor.TestMethodTestDescriptor.invokeTestMethod(TestMethodTestDescriptor.java:213)\n\tat org.junit.jupiter.engine.descriptor.TestMethodTestDescriptor.execute(TestMethodTestDescriptor.java:138)\n\tat org.junit.jupiter.engine.descriptor.TestMethodTestDescriptor.execute(TestMethodTestDescriptor.java:68)\n\tat org.junit.platform.engine.support.hierarchical.NodeTestTask.lambda$executeRecursively$6(NodeTestTask.java:151)\n\tat org.junit.platform.engine.support.hierarchical.ThrowableCollector.execute(ThrowableCollector.java:73)\n\tat org.junit.platform.engine.support.hierarchical.NodeTestTask.lambda$executeRecursively$8(NodeTestTask.java:141)\n\tat org.junit.platform.engine.support.hierarchical.Node.around(Node.java:137)\n\tat org.junit.platform.engine.support.hierarchical.NodeTestTask.lambda$executeRecursively$9(NodeTestTask.java:139)\n\tat org.junit.platform.engine.support.hierarchical.ThrowableCollector.execute(ThrowableCollector.java:73)\n\tat org.junit.platform.engine.support.hierarchical.NodeTestTask.executeRecursively(NodeTestTask.java:138)\n\tat org.junit.platform.engine.support.hierarchical.NodeTestTask.execute(NodeTestTask.java:95)\n\tat java.base/java.util.ArrayList.forEach(ArrayList.java:1596)\n\tat org.junit.platform.engine.support.hierarchical.SameThreadHierarchicalTestExecutorService.invokeAll(SameThreadHierarchicalTestExecutorService.java:41)\n\tat org.junit.platform.engine.support.hierarchical.NodeTestTask.lambda$executeRecursively$6(NodeTestTask.java:155)\n\tat org.junit.platform.engine.support.hierarchical.ThrowableCollector.execute(ThrowableCollector.java:73)\n\tat org.junit.platform.engine.support.hierarchical.NodeTestTask.lambda$executeRecursively$8(NodeTestTask.java:141)\n\tat org.junit.platform.engine.support.hierarchical.Node.around(Node.java:137)\n\tat org.junit.platform.engine.support.hierarchical.NodeTestTask.lambda$executeRecursively$9(NodeTestTask.java:139)\n\tat org.junit.platform.engine.support.hierarchical.ThrowableCollector.execute(ThrowableCollector.java:73)\n\tat org.junit.platform.engine.support.hierarchical.NodeTestTask.executeRecursively(NodeTestTask.java:138)\n\tat org.junit.platform.engine.support.hierarchical.NodeTestTask.execute(NodeTestTask.java:95)\n\tat java.base/java.util.ArrayList.forEach(ArrayList.java:1596)\n\tat org.junit.platform.engine.support.hierarchical.SameThreadHierarchicalTestExecutorService.invokeAll(SameThreadHierarchicalTestExecutorService.java:41)\n\tat org.junit.platform.engine.support.hierarchical.NodeTestTask.lambda$executeRecursively$6(NodeTestTask.java:155)\n\tat org.junit.platform.engine.support.hierarchical.ThrowableCollector.execute(ThrowableCollector.java:73)\n\tat org.junit.platform.engine.support.hierarchical.NodeTestTask.lambda$executeRecursively$8(NodeTestTask.java:141)\n\tat org.junit.platform.engine.support.hierarchical.Node.around(Node.java:137)\n\tat org.junit.platform.engine.support.hierarchical.NodeTestTask.lambda$executeRecursively$9(NodeTestTask.java:139)\n\tat org.junit.platform.engine.support.hierarchical.ThrowableCollector.execute(ThrowableCollector.java:73)\n\tat org.junit.platform.engine.support.hierarchical.NodeTestTask.executeRecursively(NodeTestTask.java:138)\n\tat org.junit.platform.engine.support.hierarchical.NodeTestTask.execute(NodeTestTask.java:95)\n\tat org.junit.platform.engine.support.hierarchical.SameThreadHierarchicalTestExecutorService.submit(SameThreadHierarchicalTestExecutorService.java:35)\n\tat org.junit.platform.engine.support.hierarchical.HierarchicalTestExecutor.execute(HierarchicalTestExecutor.java:57)\n\tat org.junit.platform.engine.support.hierarchical.HierarchicalTestEngine.execute(HierarchicalTestEngine.java:54)\n\tat org.junit.platform.launcher.core.DefaultLauncher.execute(DefaultLauncher.java:229)\n\tat org.junit.platform.launcher.core.DefaultLauncher.lambda$execute$6(DefaultLauncher.java:197)\n\tat org.junit.platform.launcher.core.DefaultLauncher.withInterceptedStreams(DefaultLauncher.java:211)\n\tat org.junit.platform.launcher.core.DefaultLauncher.execute(DefaultLauncher.java:191)\n\tat org.junit.platform.launcher.core.DefaultLauncher.execute(DefaultLauncher.java:128)\n\tat org.apache.maven.surefire.junitplatform.JUnitPlatformProvider.invokeAllTests(JUnitPlatformProvider.java:165)\n\tat org.apache.maven.surefire.junitplatform.JUnitPlatformProvider.invoke(JUnitPlatformProvider.java:128)\n\tat org.apache.maven.surefire.booter.ForkedBooter.runSuitesInProcess(ForkedBooter.java:428)\n\tat org.apache.maven.surefire.booter.ForkedBooter.execute(ForkedBooter.java:162)\n\tat org.apache.maven.surefire.booter.ForkedBooter.run(ForkedBooter.java:562)\n\tat org.apache.maven.surefire.booter.ForkedBooter.main(ForkedBooter.java:548)\n",
    "steps" : [ {
      "name" : "Add and delete allergy",
      "time" : {
        "start" : 1716814007684,
        "stop" : 1716814290472,
        "duration" : 282788
      },
      "status" : "failed",
      "statusMessage" : "Element not found with accessibility ID: By.xpath: //XCUIElementTypeStaticText[@name=\"Заключения врачей\"]",
      "statusTrace" : "java.lang.AssertionError: Element not found with accessibility ID: By.xpath: //XCUIElementTypeStaticText[@name=\"Заключения врачей\"]\n\tat MobileTesting.robots.RobotHelper.assertElementsExist(RobotHelper.java:245)\n\tat MobileTesting.robots.MedcardRobot.clickOnMedcard(MedcardRobot.java:249)\n\tat MobileTesting.tests.MedcardTest.allergyTests(MedcardTest.java:70)\n\tat java.base/jdk.internal.reflect.DirectMethodHandleAccessor.invoke(DirectMethodHandleAccessor.java:103)\n\tat java.base/java.lang.reflect.Method.invoke(Method.java:580)\n\tat org.junit.platform.commons.util.ReflectionUtils.invokeMethod(ReflectionUtils.java:727)\n\tat org.junit.jupiter.engine.execution.MethodInvocation.proceed(MethodInvocation.java:60)\n\tat org.junit.jupiter.engine.execution.InvocationInterceptorChain$ValidatingInvocation.proceed(InvocationInterceptorChain.java:131)\n\tat org.junit.jupiter.engine.extension.TimeoutExtension.intercept(TimeoutExtension.java:156)\n\tat org.junit.jupiter.engine.extension.TimeoutExtension.interceptTestableMethod(TimeoutExtension.java:147)\n\tat org.junit.jupiter.engine.extension.TimeoutExtension.interceptTestMethod(TimeoutExtension.java:86)\n\tat org.junit.jupiter.engine.execution.InterceptingExecutableInvoker$ReflectiveInterceptorCall.lambda$ofVoidMethod$0(InterceptingExecutableInvoker.java:103)\n\tat org.junit.jupiter.engine.execution.InterceptingExecutableInvoker.lambda$invoke$0(InterceptingExecutableInvoker.java:93)\n\tat org.junit.jupiter.engine.execution.InvocationInterceptorChain$InterceptedInvocation.proceed(InvocationInterceptorChain.java:106)\n\tat org.junit.jupiter.engine.execution.InvocationInterceptorChain.proceed(InvocationInterceptorChain.java:64)\n\tat org.junit.jupiter.engine.execution.InvocationInterceptorChain.chainAndInvoke(InvocationInterceptorChain.java:45)\n\tat org.junit.jupiter.engine.execution.InvocationInterceptorChain.invoke(InvocationInterceptorChain.java:37)\n\tat org.junit.jupiter.engine.execution.InterceptingExecutableInvoker.invoke(InterceptingExecutableInvoker.java:92)\n\tat org.junit.jupiter.engine.execution.InterceptingExecutableInvoker.invoke(InterceptingExecutableInvoker.java:86)\n\tat org.junit.jupiter.engine.descriptor.TestMethodTestDescriptor.lambda$invokeTestMethod$7(TestMethodTestDescriptor.java:217)\n\tat org.junit.platform.engine.support.hierarchical.ThrowableCollector.execute(ThrowableCollector.java:73)\n\tat org.junit.jupiter.engine.descriptor.TestMethodTestDescriptor.invokeTestMethod(TestMethodTestDescriptor.java:213)\n\tat org.junit.jupiter.engine.descriptor.TestMethodTestDescriptor.execute(TestMethodTestDescriptor.java:138)\n\tat org.junit.jupiter.engine.descriptor.TestMethodTestDescriptor.execute(TestMethodTestDescriptor.java:68)\n\tat org.junit.platform.engine.support.hierarchical.NodeTestTask.lambda$executeRecursively$6(NodeTestTask.java:151)\n\tat org.junit.platform.engine.support.hierarchical.ThrowableCollector.execute(ThrowableCollector.java:73)\n\tat org.junit.platform.engine.support.hierarchical.NodeTestTask.lambda$executeRecursively$8(NodeTestTask.java:141)\n\tat org.junit.platform.engine.support.hierarchical.Node.around(Node.java:137)\n\tat org.junit.platform.engine.support.hierarchical.NodeTestTask.lambda$executeRecursively$9(NodeTestTask.java:139)\n\tat org.junit.platform.engine.support.hierarchical.ThrowableCollector.execute(ThrowableCollector.java:73)\n\tat org.junit.platform.engine.support.hierarchical.NodeTestTask.executeRecursively(NodeTestTask.java:138)\n\tat org.junit.platform.engine.support.hierarchical.NodeTestTask.execute(NodeTestTask.java:95)\n\tat java.base/java.util.ArrayList.forEach(ArrayList.java:1596)\n\tat org.junit.platform.engine.support.hierarchical.SameThreadHierarchicalTestExecutorService.invokeAll(SameThreadHierarchicalTestExecutorService.java:41)\n\tat org.junit.platform.engine.support.hierarchical.NodeTestTask.lambda$executeRecursively$6(NodeTestTask.java:155)\n\tat org.junit.platform.engine.support.hierarchical.ThrowableCollector.execute(ThrowableCollector.java:73)\n\tat org.junit.platform.engine.support.hierarchical.NodeTestTask.lambda$executeRecursively$8(NodeTestTask.java:141)\n\tat org.junit.platform.engine.support.hierarchical.Node.around(Node.java:137)\n\tat org.junit.platform.engine.support.hierarchical.NodeTestTask.lambda$executeRecursively$9(NodeTestTask.java:139)\n\tat org.junit.platform.engine.support.hierarchical.ThrowableCollector.execute(ThrowableCollector.java:73)\n\tat org.junit.platform.engine.support.hierarchical.NodeTestTask.executeRecursively(NodeTestTask.java:138)\n\tat org.junit.platform.engine.support.hierarchical.NodeTestTask.execute(NodeTestTask.java:95)\n\tat java.base/java.util.ArrayList.forEach(ArrayList.java:1596)\n\tat org.junit.platform.engine.support.hierarchical.SameThreadHierarchicalTestExecutorService.invokeAll(SameThreadHierarchicalTestExecutorService.java:41)\n\tat org.junit.platform.engine.support.hierarchical.NodeTestTask.lambda$executeRecursively$6(NodeTestTask.java:155)\n\tat org.junit.platform.engine.support.hierarchical.ThrowableCollector.execute(ThrowableCollector.java:73)\n\tat org.junit.platform.engine.support.hierarchical.NodeTestTask.lambda$executeRecursively$8(NodeTestTask.java:141)\n\tat org.junit.platform.engine.support.hierarchical.Node.around(Node.java:137)\n\tat org.junit.platform.engine.support.hierarchical.NodeTestTask.lambda$executeRecursively$9(NodeTestTask.java:139)\n\tat org.junit.platform.engine.support.hierarchical.ThrowableCollector.execute(ThrowableCollector.java:73)\n\tat org.junit.platform.engine.support.hierarchical.NodeTestTask.executeRecursively(NodeTestTask.java:138)\n\tat org.junit.platform.engine.support.hierarchical.NodeTestTask.execute(NodeTestTask.java:95)\n\tat org.junit.platform.engine.support.hierarchical.SameThreadHierarchicalTestExecutorService.submit(SameThreadHierarchicalTestExecutorService.java:35)\n\tat org.junit.platform.engine.support.hierarchical.HierarchicalTestExecutor.execute(HierarchicalTestExecutor.java:57)\n\tat org.junit.platform.engine.support.hierarchical.HierarchicalTestEngine.execute(HierarchicalTestEngine.java:54)\n\tat org.junit.platform.launcher.core.DefaultLauncher.execute(DefaultLauncher.java:229)\n\tat org.junit.platform.launcher.core.DefaultLauncher.lambda$execute$6(DefaultLauncher.java:197)\n\tat org.junit.platform.launcher.core.DefaultLauncher.withInterceptedStreams(DefaultLauncher.java:211)\n\tat org.junit.platform.launcher.core.DefaultLauncher.execute(DefaultLauncher.java:191)\n\tat org.junit.platform.launcher.core.DefaultLauncher.execute(DefaultLauncher.java:128)\n\tat org.apache.maven.surefire.junitplatform.JUnitPlatformProvider.invokeAllTests(JUnitPlatformProvider.java:165)\n\tat org.apache.maven.surefire.junitplatform.JUnitPlatformProvider.invoke(JUnitPlatformProvider.java:128)\n\tat org.apache.maven.surefire.booter.ForkedBooter.runSuitesInProcess(ForkedBooter.java:428)\n\tat org.apache.maven.surefire.booter.ForkedBooter.execute(ForkedBooter.java:162)\n\tat org.apache.maven.surefire.booter.ForkedBooter.run(ForkedBooter.java:562)\n\tat org.apache.maven.surefire.booter.ForkedBooter.main(ForkedBooter.java:548)\n",
      "steps" : [ {
        "name" : "Login",
        "time" : {
          "start" : 1716814007684,
          "stop" : 1716814088849,
          "duration" : 81165
        },
        "status" : "passed",
        "steps" : [ {
          "name" : "Fill and send login form",
          "time" : {
            "start" : 1716814007684,
            "stop" : 1716814034333,
            "duration" : 26649
          },
          "status" : "passed",
          "steps" : [ {
            "name" : "Click on authorization button",
            "time" : {
              "start" : 1716814007684,
              "stop" : 1716814008765,
              "duration" : 1081
            },
            "status" : "passed",
            "steps" : [ ],
            "attachments" : [ {
              "uid" : "2fc47eacbc2df931",
              "name" : "Login form",
              "source" : "2fc47eacbc2df931.png",
              "type" : "image/png",
              "size" : 420121
            } ],
            "parameters" : [ ],
            "attachmentsCount" : 1,
            "shouldDisplayMessage" : false,
            "stepsCount" : 0,
            "hasContent" : true
          }, {
            "name" : "Input email",
            "time" : {
              "start" : 1716814008765,
              "stop" : 1716814012333,
              "duration" : 3568
            },
            "status" : "passed",
            "steps" : [ ],
            "attachments" : [ ],
            "parameters" : [ {
              "name" : "username",
              "value" : "artur.antonov@overteam.ru"
            } ],
            "attachmentsCount" : 0,
            "shouldDisplayMessage" : false,
            "stepsCount" : 0,
            "hasContent" : true
          }, {
            "name" : "Input password",
            "time" : {
              "start" : 1716814012333,
              "stop" : 1716814015284,
              "duration" : 2951
            },
            "status" : "passed",
            "steps" : [ ],
            "attachments" : [ ],
            "parameters" : [ {
              "name" : "password",
              "value" : "Artur.antonov@overteam.ru1101"
            } ],
            "attachmentsCount" : 0,
            "shouldDisplayMessage" : false,
            "stepsCount" : 0,
            "hasContent" : true
          }, {
            "name" : "Click on login button",
            "time" : {
              "start" : 1716814015284,
              "stop" : 1716814016197,
              "duration" : 913
            },
            "status" : "passed",
            "steps" : [ ],
            "attachments" : [ {
              "uid" : "16fbf85374dbda50",
              "name" : "Login form filled",
              "source" : "16fbf85374dbda50.png",
              "type" : "image/png",
              "size" : 251094
            } ],
            "parameters" : [ ],
            "attachmentsCount" : 1,
            "shouldDisplayMessage" : false,
            "stepsCount" : 0,
            "hasContent" : true
          }, {
            "name" : "Confirm captcha",
            "time" : {
              "start" : 1716814031780,
              "stop" : 1716814034333,
              "duration" : 2553
            },
            "status" : "passed",
            "steps" : [ ],
            "attachments" : [ {
              "uid" : "ed009ce480148e13",
              "name" : "Captcha solved",
              "source" : "ed009ce480148e13.png",
              "type" : "image/png",
              "size" : 572707
            } ],
            "parameters" : [ ],
            "attachmentsCount" : 1,
            "shouldDisplayMessage" : false,
            "stepsCount" : 0,
            "hasContent" : true
          } ],
          "attachments" : [ ],
          "parameters" : [ {
            "name" : "username",
            "value" : "artur.antonov@overteam.ru"
          }, {
            "name" : "password",
            "value" : "Artur.antonov@overteam.ru1101"
          } ],
          "attachmentsCount" : 3,
          "shouldDisplayMessage" : false,
          "stepsCount" : 5,
          "hasContent" : true
        }, {
          "name" : "Enter PIN code",
          "time" : {
            "start" : 1716814034333,
            "stop" : 1716814088849,
            "duration" : 54516
          },
          "status" : "passed",
          "steps" : [ ],
          "attachments" : [ {
            "uid" : "5bd6751106eacdad",
            "name" : "Think of PIN screen",
            "source" : "5bd6751106eacdad.png",
            "type" : "image/png",
            "size" : 111261
          }, {
            "uid" : "fdfa861e82cc328d",
            "name" : "Confirm of PIN screen",
            "source" : "fdfa861e82cc328d.png",
            "type" : "image/png",
            "size" : 93268
          }, {
            "uid" : "efd963ef971686b0",
            "name" : "Health page",
            "source" : "efd963ef971686b0.png",
            "type" : "image/png",
            "size" : 567237
          } ],
          "parameters" : [ ],
          "attachmentsCount" : 3,
          "shouldDisplayMessage" : false,
          "stepsCount" : 0,
          "hasContent" : true
        } ],
        "attachments" : [ ],
        "parameters" : [ {
          "name" : "username",
          "value" : "artur.antonov@overteam.ru"
        }, {
          "name" : "password",
          "value" : "Artur.antonov@overteam.ru1101"
        } ],
        "attachmentsCount" : 6,
        "shouldDisplayMessage" : false,
        "stepsCount" : 7,
        "hasContent" : true
      }, {
        "name" : "Click on medical card",
        "time" : {
          "start" : 1716814088849,
          "stop" : 1716814290471,
          "duration" : 201622
        },
        "status" : "failed",
        "statusMessage" : "Element not found with accessibility ID: By.xpath: //XCUIElementTypeStaticText[@name=\"Заключения врачей\"]",
        "statusTrace" : "java.lang.AssertionError: Element not found with accessibility ID: By.xpath: //XCUIElementTypeStaticText[@name=\"Заключения врачей\"]\n\tat MobileTesting.robots.RobotHelper.assertElementsExist(RobotHelper.java:245)\n\tat MobileTesting.robots.MedcardRobot.clickOnMedcard(MedcardRobot.java:249)\n\tat MobileTesting.tests.MedcardTest.allergyTests(MedcardTest.java:70)\n\tat java.base/jdk.internal.reflect.DirectMethodHandleAccessor.invoke(DirectMethodHandleAccessor.java:103)\n\tat java.base/java.lang.reflect.Method.invoke(Method.java:580)\n\tat org.junit.platform.commons.util.ReflectionUtils.invokeMethod(ReflectionUtils.java:727)\n\tat org.junit.jupiter.engine.execution.MethodInvocation.proceed(MethodInvocation.java:60)\n\tat org.junit.jupiter.engine.execution.InvocationInterceptorChain$ValidatingInvocation.proceed(InvocationInterceptorChain.java:131)\n\tat org.junit.jupiter.engine.extension.TimeoutExtension.intercept(TimeoutExtension.java:156)\n\tat org.junit.jupiter.engine.extension.TimeoutExtension.interceptTestableMethod(TimeoutExtension.java:147)\n\tat org.junit.jupiter.engine.extension.TimeoutExtension.interceptTestMethod(TimeoutExtension.java:86)\n\tat org.junit.jupiter.engine.execution.InterceptingExecutableInvoker$ReflectiveInterceptorCall.lambda$ofVoidMethod$0(InterceptingExecutableInvoker.java:103)\n\tat org.junit.jupiter.engine.execution.InterceptingExecutableInvoker.lambda$invoke$0(InterceptingExecutableInvoker.java:93)\n\tat org.junit.jupiter.engine.execution.InvocationInterceptorChain$InterceptedInvocation.proceed(InvocationInterceptorChain.java:106)\n\tat org.junit.jupiter.engine.execution.InvocationInterceptorChain.proceed(InvocationInterceptorChain.java:64)\n\tat org.junit.jupiter.engine.execution.InvocationInterceptorChain.chainAndInvoke(InvocationInterceptorChain.java:45)\n\tat org.junit.jupiter.engine.execution.InvocationInterceptorChain.invoke(InvocationInterceptorChain.java:37)\n\tat org.junit.jupiter.engine.execution.InterceptingExecutableInvoker.invoke(InterceptingExecutableInvoker.java:92)\n\tat org.junit.jupiter.engine.execution.InterceptingExecutableInvoker.invoke(InterceptingExecutableInvoker.java:86)\n\tat org.junit.jupiter.engine.descriptor.TestMethodTestDescriptor.lambda$invokeTestMethod$7(TestMethodTestDescriptor.java:217)\n\tat org.junit.platform.engine.support.hierarchical.ThrowableCollector.execute(ThrowableCollector.java:73)\n\tat org.junit.jupiter.engine.descriptor.TestMethodTestDescriptor.invokeTestMethod(TestMethodTestDescriptor.java:213)\n\tat org.junit.jupiter.engine.descriptor.TestMethodTestDescriptor.execute(TestMethodTestDescriptor.java:138)\n\tat org.junit.jupiter.engine.descriptor.TestMethodTestDescriptor.execute(TestMethodTestDescriptor.java:68)\n\tat org.junit.platform.engine.support.hierarchical.NodeTestTask.lambda$executeRecursively$6(NodeTestTask.java:151)\n\tat org.junit.platform.engine.support.hierarchical.ThrowableCollector.execute(ThrowableCollector.java:73)\n\tat org.junit.platform.engine.support.hierarchical.NodeTestTask.lambda$executeRecursively$8(NodeTestTask.java:141)\n\tat org.junit.platform.engine.support.hierarchical.Node.around(Node.java:137)\n\tat org.junit.platform.engine.support.hierarchical.NodeTestTask.lambda$executeRecursively$9(NodeTestTask.java:139)\n\tat org.junit.platform.engine.support.hierarchical.ThrowableCollector.execute(ThrowableCollector.java:73)\n\tat org.junit.platform.engine.support.hierarchical.NodeTestTask.executeRecursively(NodeTestTask.java:138)\n\tat org.junit.platform.engine.support.hierarchical.NodeTestTask.execute(NodeTestTask.java:95)\n\tat java.base/java.util.ArrayList.forEach(ArrayList.java:1596)\n\tat org.junit.platform.engine.support.hierarchical.SameThreadHierarchicalTestExecutorService.invokeAll(SameThreadHierarchicalTestExecutorService.java:41)\n\tat org.junit.platform.engine.support.hierarchical.NodeTestTask.lambda$executeRecursively$6(NodeTestTask.java:155)\n\tat org.junit.platform.engine.support.hierarchical.ThrowableCollector.execute(ThrowableCollector.java:73)\n\tat org.junit.platform.engine.support.hierarchical.NodeTestTask.lambda$executeRecursively$8(NodeTestTask.java:141)\n\tat org.junit.platform.engine.support.hierarchical.Node.around(Node.java:137)\n\tat org.junit.platform.engine.support.hierarchical.NodeTestTask.lambda$executeRecursively$9(NodeTestTask.java:139)\n\tat org.junit.platform.engine.support.hierarchical.ThrowableCollector.execute(ThrowableCollector.java:73)\n\tat org.junit.platform.engine.support.hierarchical.NodeTestTask.executeRecursively(NodeTestTask.java:138)\n\tat org.junit.platform.engine.support.hierarchical.NodeTestTask.execute(NodeTestTask.java:95)\n\tat java.base/java.util.ArrayList.forEach(ArrayList.java:1596)\n\tat org.junit.platform.engine.support.hierarchical.SameThreadHierarchicalTestExecutorService.invokeAll(SameThreadHierarchicalTestExecutorService.java:41)\n\tat org.junit.platform.engine.support.hierarchical.NodeTestTask.lambda$executeRecursively$6(NodeTestTask.java:155)\n\tat org.junit.platform.engine.support.hierarchical.ThrowableCollector.execute(ThrowableCollector.java:73)\n\tat org.junit.platform.engine.support.hierarchical.NodeTestTask.lambda$executeRecursively$8(NodeTestTask.java:141)\n\tat org.junit.platform.engine.support.hierarchical.Node.around(Node.java:137)\n\tat org.junit.platform.engine.support.hierarchical.NodeTestTask.lambda$executeRecursively$9(NodeTestTask.java:139)\n\tat org.junit.platform.engine.support.hierarchical.ThrowableCollector.execute(ThrowableCollector.java:73)\n\tat org.junit.platform.engine.support.hierarchical.NodeTestTask.executeRecursively(NodeTestTask.java:138)\n\tat org.junit.platform.engine.support.hierarchical.NodeTestTask.execute(NodeTestTask.java:95)\n\tat org.junit.platform.engine.support.hierarchical.SameThreadHierarchicalTestExecutorService.submit(SameThreadHierarchicalTestExecutorService.java:35)\n\tat org.junit.platform.engine.support.hierarchical.HierarchicalTestExecutor.execute(HierarchicalTestExecutor.java:57)\n\tat org.junit.platform.engine.support.hierarchical.HierarchicalTestEngine.execute(HierarchicalTestEngine.java:54)\n\tat org.junit.platform.launcher.core.DefaultLauncher.execute(DefaultLauncher.java:229)\n\tat org.junit.platform.launcher.core.DefaultLauncher.lambda$execute$6(DefaultLauncher.java:197)\n\tat org.junit.platform.launcher.core.DefaultLauncher.withInterceptedStreams(DefaultLauncher.java:211)\n\tat org.junit.platform.launcher.core.DefaultLauncher.execute(DefaultLauncher.java:191)\n\tat org.junit.platform.launcher.core.DefaultLauncher.execute(DefaultLauncher.java:128)\n\tat org.apache.maven.surefire.junitplatform.JUnitPlatformProvider.invokeAllTests(JUnitPlatformProvider.java:165)\n\tat org.apache.maven.surefire.junitplatform.JUnitPlatformProvider.invoke(JUnitPlatformProvider.java:128)\n\tat org.apache.maven.surefire.booter.ForkedBooter.runSuitesInProcess(ForkedBooter.java:428)\n\tat org.apache.maven.surefire.booter.ForkedBooter.execute(ForkedBooter.java:162)\n\tat org.apache.maven.surefire.booter.ForkedBooter.run(ForkedBooter.java:562)\n\tat org.apache.maven.surefire.booter.ForkedBooter.main(ForkedBooter.java:548)\n",
        "steps" : [ ],
        "attachments" : [ ],
        "parameters" : [ ],
        "attachmentsCount" : 0,
        "shouldDisplayMessage" : true,
        "stepsCount" : 0,
        "hasContent" : true
      } ],
      "attachments" : [ ],
      "parameters" : [ ],
      "attachmentsCount" : 6,
      "shouldDisplayMessage" : false,
      "stepsCount" : 9,
      "hasContent" : true
    } ],
    "attachments" : [ {
      "uid" : "c60b007353717c08",
      "name" : "Final screenshot",
      "source" : "c60b007353717c08.png",
      "type" : "image/png",
      "size" : 217979
    } ],
    "parameters" : [ ],
    "attachmentsCount" : 7,
    "shouldDisplayMessage" : false,
    "stepsCount" : 10,
    "hasContent" : true
  },
  "afterStages" : [ ],
  "labels" : [ {
    "name" : "host",
    "value" : "Mac-mini-1.local"
  }, {
    "name" : "thread",
    "value" : "95701@Mac-mini-1.local.main(1)"
  }, {
    "name" : "framework",
    "value" : "junit-platform"
  }, {
    "name" : "language",
    "value" : "java"
  }, {
    "name" : "package",
    "value" : "MobileTesting.tests.MedcardTest"
  }, {
    "name" : "testClass",
    "value" : "MobileTesting.tests.MedcardTest"
  }, {
    "name" : "testMethod",
    "value" : "allergyTests"
  }, {
    "name" : "suite",
    "value" : "MobileTesting.tests.MedcardTest"
  }, {
    "name" : "resultFormat",
    "value" : "allure2"
  } ],
  "parameters" : [ ],
  "links" : [ ],
  "hidden" : false,
  "retry" : false,
  "extra" : {
    "severity" : "normal",
    "retries" : [ ],
    "categories" : [ {
      "name" : "Product defects",
      "matchedStatuses" : [ ],
      "flaky" : false
    } ],
    "history" : {
      "statistic" : {
        "failed" : 4,
        "broken" : 1,
        "skipped" : 0,
        "passed" : 0,
        "unknown" : 0,
        "total" : 5
      },
      "items" : [ {
        "uid" : "cbff2c78978ee2d",
        "status" : "broken",
        "statusDetails" : "Expected condition failed: waiting for element to be clickable: By.IosNsPredicate: label == \"Войти\" AND name == \"Войти\" AND type == \"XCUIElementTypeButton\" (tried for 15 second(s) with 500 milliseconds interval)",
        "time" : {
          "start" : 1715808041947,
          "stop" : 1715808158736,
          "duration" : 116789
        }
      }, {
        "uid" : "e50a3baa026377df",
        "status" : "failed",
        "statusDetails" : "Element not found with accessibility ID: By.xpath: //XCUIElementTypeStaticText[@name=\"Заключения врачей\"]",
        "time" : {
          "start" : 1715680866852,
          "stop" : 1715681218346,
          "duration" : 351494
        }
      }, {
        "uid" : "22c2bf528a7cab93",
        "status" : "failed",
        "statusDetails" : "Element not found with accessibility ID: By.xpath: //XCUIElementTypeStaticText[@name=\"Заключения врачей\"]",
        "time" : {
          "start" : 1714948755143,
          "stop" : 1714949142234,
          "duration" : 387091
        }
      }, {
        "uid" : "6f324445e6ef84b6",
        "status" : "failed",
        "statusDetails" : "Element not found with accessibility ID: By.xpath: //XCUIElementTypeStaticText[@name=\"Заключения врачей\"]",
        "time" : {
          "start" : 1714368048528,
          "stop" : 1714368359807,
          "duration" : 311279
        }
      } ]
    },
    "tags" : [ ]
  },
  "source" : "69c212449bc7d394.json",
  "parameterValues" : [ ]
}