{
  "uid" : "fcf9bd638cc56e6d",
  "name" : "medicineTests()",
  "fullName" : "MobileTesting.tests.MedcardTest.medicineTests",
  "historyId" : "67290ec330cbe4f448f8e0796f878d36",
  "time" : {
    "start" : 1719640662834,
    "stop" : 1719641008007,
    "duration" : 345173
  },
  "description" : "Add and delete medicine",
  "descriptionHtml" : "<p>Add and delete medicine</p>\n",
  "status" : "failed",
  "statusMessage" : "Element not found with accessibility ID: By.xpath: //XCUIElementTypeStaticText[@name=\"Заключения врачей\"]",
  "statusTrace" : "java.lang.AssertionError: Element not found with accessibility ID: By.xpath: //XCUIElementTypeStaticText[@name=\"Заключения врачей\"]\n\tat MobileTesting.robots.RobotHelper.assertElementsExist(RobotHelper.java:256)\n\tat MobileTesting.robots.MedcardRobot.clickOnMedcard(MedcardRobot.java:249)\n\tat MobileTesting.tests.MedcardTest.medicineTests(MedcardTest.java:83)\n\tat java.base/jdk.internal.reflect.DirectMethodHandleAccessor.invoke(DirectMethodHandleAccessor.java:103)\n\tat java.base/java.lang.reflect.Method.invoke(Method.java:580)\n\tat org.junit.platform.commons.util.ReflectionUtils.invokeMethod(ReflectionUtils.java:727)\n\tat org.junit.jupiter.engine.execution.MethodInvocation.proceed(MethodInvocation.java:60)\n\tat org.junit.jupiter.engine.execution.InvocationInterceptorChain$ValidatingInvocation.proceed(InvocationInterceptorChain.java:131)\n\tat org.junit.jupiter.engine.extension.TimeoutExtension.intercept(TimeoutExtension.java:156)\n\tat org.junit.jupiter.engine.extension.TimeoutExtension.interceptTestableMethod(TimeoutExtension.java:147)\n\tat org.junit.jupiter.engine.extension.TimeoutExtension.interceptTestMethod(TimeoutExtension.java:86)\n\tat org.junit.jupiter.engine.execution.InterceptingExecutableInvoker$ReflectiveInterceptorCall.lambda$ofVoidMethod$0(InterceptingExecutableInvoker.java:103)\n\tat org.junit.jupiter.engine.execution.InterceptingExecutableInvoker.lambda$invoke$0(InterceptingExecutableInvoker.java:93)\n\tat org.junit.jupiter.engine.execution.InvocationInterceptorChain$InterceptedInvocation.proceed(InvocationInterceptorChain.java:106)\n\tat org.junit.jupiter.engine.execution.InvocationInterceptorChain.proceed(InvocationInterceptorChain.java:64)\n\tat org.junit.jupiter.engine.execution.InvocationInterceptorChain.chainAndInvoke(InvocationInterceptorChain.java:45)\n\tat org.junit.jupiter.engine.execution.InvocationInterceptorChain.invoke(InvocationInterceptorChain.java:37)\n\tat org.junit.jupiter.engine.execution.InterceptingExecutableInvoker.invoke(InterceptingExecutableInvoker.java:92)\n\tat org.junit.jupiter.engine.execution.InterceptingExecutableInvoker.invoke(InterceptingExecutableInvoker.java:86)\n\tat org.junit.jupiter.engine.descriptor.TestMethodTestDescriptor.lambda$invokeTestMethod$7(TestMethodTestDescriptor.java:217)\n\tat org.junit.platform.engine.support.hierarchical.ThrowableCollector.execute(ThrowableCollector.java:73)\n\tat org.junit.jupiter.engine.descriptor.TestMethodTestDescriptor.invokeTestMethod(TestMethodTestDescriptor.java:213)\n\tat org.junit.jupiter.engine.descriptor.TestMethodTestDescriptor.execute(TestMethodTestDescriptor.java:138)\n\tat org.junit.jupiter.engine.descriptor.TestMethodTestDescriptor.execute(TestMethodTestDescriptor.java:68)\n\tat org.junit.platform.engine.support.hierarchical.NodeTestTask.lambda$executeRecursively$6(NodeTestTask.java:151)\n\tat org.junit.platform.engine.support.hierarchical.ThrowableCollector.execute(ThrowableCollector.java:73)\n\tat org.junit.platform.engine.support.hierarchical.NodeTestTask.lambda$executeRecursively$8(NodeTestTask.java:141)\n\tat org.junit.platform.engine.support.hierarchical.Node.around(Node.java:137)\n\tat org.junit.platform.engine.support.hierarchical.NodeTestTask.lambda$executeRecursively$9(NodeTestTask.java:139)\n\tat org.junit.platform.engine.support.hierarchical.ThrowableCollector.execute(ThrowableCollector.java:73)\n\tat org.junit.platform.engine.support.hierarchical.NodeTestTask.executeRecursively(NodeTestTask.java:138)\n\tat org.junit.platform.engine.support.hierarchical.NodeTestTask.execute(NodeTestTask.java:95)\n\tat java.base/java.util.ArrayList.forEach(ArrayList.java:1596)\n\tat org.junit.platform.engine.support.hierarchical.SameThreadHierarchicalTestExecutorService.invokeAll(SameThreadHierarchicalTestExecutorService.java:41)\n\tat org.junit.platform.engine.support.hierarchical.NodeTestTask.lambda$executeRecursively$6(NodeTestTask.java:155)\n\tat org.junit.platform.engine.support.hierarchical.ThrowableCollector.execute(ThrowableCollector.java:73)\n\tat org.junit.platform.engine.support.hierarchical.NodeTestTask.lambda$executeRecursively$8(NodeTestTask.java:141)\n\tat org.junit.platform.engine.support.hierarchical.Node.around(Node.java:137)\n\tat org.junit.platform.engine.support.hierarchical.NodeTestTask.lambda$executeRecursively$9(NodeTestTask.java:139)\n\tat org.junit.platform.engine.support.hierarchical.ThrowableCollector.execute(ThrowableCollector.java:73)\n\tat org.junit.platform.engine.support.hierarchical.NodeTestTask.executeRecursively(NodeTestTask.java:138)\n\tat org.junit.platform.engine.support.hierarchical.NodeTestTask.execute(NodeTestTask.java:95)\n\tat java.base/java.util.ArrayList.forEach(ArrayList.java:1596)\n\tat org.junit.platform.engine.support.hierarchical.SameThreadHierarchicalTestExecutorService.invokeAll(SameThreadHierarchicalTestExecutorService.java:41)\n\tat org.junit.platform.engine.support.hierarchical.NodeTestTask.lambda$executeRecursively$6(NodeTestTask.java:155)\n\tat org.junit.platform.engine.support.hierarchical.ThrowableCollector.execute(ThrowableCollector.java:73)\n\tat org.junit.platform.engine.support.hierarchical.NodeTestTask.lambda$executeRecursively$8(NodeTestTask.java:141)\n\tat org.junit.platform.engine.support.hierarchical.Node.around(Node.java:137)\n\tat org.junit.platform.engine.support.hierarchical.NodeTestTask.lambda$executeRecursively$9(NodeTestTask.java:139)\n\tat org.junit.platform.engine.support.hierarchical.ThrowableCollector.execute(ThrowableCollector.java:73)\n\tat org.junit.platform.engine.support.hierarchical.NodeTestTask.executeRecursively(NodeTestTask.java:138)\n\tat org.junit.platform.engine.support.hierarchical.NodeTestTask.execute(NodeTestTask.java:95)\n\tat org.junit.platform.engine.support.hierarchical.SameThreadHierarchicalTestExecutorService.submit(SameThreadHierarchicalTestExecutorService.java:35)\n\tat org.junit.platform.engine.support.hierarchical.HierarchicalTestExecutor.execute(HierarchicalTestExecutor.java:57)\n\tat org.junit.platform.engine.support.hierarchical.HierarchicalTestEngine.execute(HierarchicalTestEngine.java:54)\n\tat org.junit.platform.launcher.core.DefaultLauncher.execute(DefaultLauncher.java:229)\n\tat org.junit.platform.launcher.core.DefaultLauncher.lambda$execute$6(DefaultLauncher.java:197)\n\tat org.junit.platform.launcher.core.DefaultLauncher.withInterceptedStreams(DefaultLauncher.java:211)\n\tat org.junit.platform.launcher.core.DefaultLauncher.execute(DefaultLauncher.java:191)\n\tat org.junit.platform.launcher.core.DefaultLauncher.execute(DefaultLauncher.java:128)\n\tat org.apache.maven.surefire.junitplatform.JUnitPlatformProvider.invokeAllTests(JUnitPlatformProvider.java:165)\n\tat org.apache.maven.surefire.junitplatform.JUnitPlatformProvider.invoke(JUnitPlatformProvider.java:128)\n\tat org.apache.maven.surefire.booter.ForkedBooter.runSuitesInProcess(ForkedBooter.java:428)\n\tat org.apache.maven.surefire.booter.ForkedBooter.execute(ForkedBooter.java:162)\n\tat org.apache.maven.surefire.booter.ForkedBooter.run(ForkedBooter.java:562)\n\tat org.apache.maven.surefire.booter.ForkedBooter.main(ForkedBooter.java:548)\n",
  "flaky" : false,
  "newFailed" : false,
  "beforeStages" : [ ],
  "testStage" : {
    "description" : "Add and delete medicine",
    "status" : "failed",
    "statusMessage" : "Element not found with accessibility ID: By.xpath: //XCUIElementTypeStaticText[@name=\"Заключения врачей\"]",
    "statusTrace" : "java.lang.AssertionError: Element not found with accessibility ID: By.xpath: //XCUIElementTypeStaticText[@name=\"Заключения врачей\"]\n\tat MobileTesting.robots.RobotHelper.assertElementsExist(RobotHelper.java:256)\n\tat MobileTesting.robots.MedcardRobot.clickOnMedcard(MedcardRobot.java:249)\n\tat MobileTesting.tests.MedcardTest.medicineTests(MedcardTest.java:83)\n\tat java.base/jdk.internal.reflect.DirectMethodHandleAccessor.invoke(DirectMethodHandleAccessor.java:103)\n\tat java.base/java.lang.reflect.Method.invoke(Method.java:580)\n\tat org.junit.platform.commons.util.ReflectionUtils.invokeMethod(ReflectionUtils.java:727)\n\tat org.junit.jupiter.engine.execution.MethodInvocation.proceed(MethodInvocation.java:60)\n\tat org.junit.jupiter.engine.execution.InvocationInterceptorChain$ValidatingInvocation.proceed(InvocationInterceptorChain.java:131)\n\tat org.junit.jupiter.engine.extension.TimeoutExtension.intercept(TimeoutExtension.java:156)\n\tat org.junit.jupiter.engine.extension.TimeoutExtension.interceptTestableMethod(TimeoutExtension.java:147)\n\tat org.junit.jupiter.engine.extension.TimeoutExtension.interceptTestMethod(TimeoutExtension.java:86)\n\tat org.junit.jupiter.engine.execution.InterceptingExecutableInvoker$ReflectiveInterceptorCall.lambda$ofVoidMethod$0(InterceptingExecutableInvoker.java:103)\n\tat org.junit.jupiter.engine.execution.InterceptingExecutableInvoker.lambda$invoke$0(InterceptingExecutableInvoker.java:93)\n\tat org.junit.jupiter.engine.execution.InvocationInterceptorChain$InterceptedInvocation.proceed(InvocationInterceptorChain.java:106)\n\tat org.junit.jupiter.engine.execution.InvocationInterceptorChain.proceed(InvocationInterceptorChain.java:64)\n\tat org.junit.jupiter.engine.execution.InvocationInterceptorChain.chainAndInvoke(InvocationInterceptorChain.java:45)\n\tat org.junit.jupiter.engine.execution.InvocationInterceptorChain.invoke(InvocationInterceptorChain.java:37)\n\tat org.junit.jupiter.engine.execution.InterceptingExecutableInvoker.invoke(InterceptingExecutableInvoker.java:92)\n\tat org.junit.jupiter.engine.execution.InterceptingExecutableInvoker.invoke(InterceptingExecutableInvoker.java:86)\n\tat org.junit.jupiter.engine.descriptor.TestMethodTestDescriptor.lambda$invokeTestMethod$7(TestMethodTestDescriptor.java:217)\n\tat org.junit.platform.engine.support.hierarchical.ThrowableCollector.execute(ThrowableCollector.java:73)\n\tat org.junit.jupiter.engine.descriptor.TestMethodTestDescriptor.invokeTestMethod(TestMethodTestDescriptor.java:213)\n\tat org.junit.jupiter.engine.descriptor.TestMethodTestDescriptor.execute(TestMethodTestDescriptor.java:138)\n\tat org.junit.jupiter.engine.descriptor.TestMethodTestDescriptor.execute(TestMethodTestDescriptor.java:68)\n\tat org.junit.platform.engine.support.hierarchical.NodeTestTask.lambda$executeRecursively$6(NodeTestTask.java:151)\n\tat org.junit.platform.engine.support.hierarchical.ThrowableCollector.execute(ThrowableCollector.java:73)\n\tat org.junit.platform.engine.support.hierarchical.NodeTestTask.lambda$executeRecursively$8(NodeTestTask.java:141)\n\tat org.junit.platform.engine.support.hierarchical.Node.around(Node.java:137)\n\tat org.junit.platform.engine.support.hierarchical.NodeTestTask.lambda$executeRecursively$9(NodeTestTask.java:139)\n\tat org.junit.platform.engine.support.hierarchical.ThrowableCollector.execute(ThrowableCollector.java:73)\n\tat org.junit.platform.engine.support.hierarchical.NodeTestTask.executeRecursively(NodeTestTask.java:138)\n\tat org.junit.platform.engine.support.hierarchical.NodeTestTask.execute(NodeTestTask.java:95)\n\tat java.base/java.util.ArrayList.forEach(ArrayList.java:1596)\n\tat org.junit.platform.engine.support.hierarchical.SameThreadHierarchicalTestExecutorService.invokeAll(SameThreadHierarchicalTestExecutorService.java:41)\n\tat org.junit.platform.engine.support.hierarchical.NodeTestTask.lambda$executeRecursively$6(NodeTestTask.java:155)\n\tat org.junit.platform.engine.support.hierarchical.ThrowableCollector.execute(ThrowableCollector.java:73)\n\tat org.junit.platform.engine.support.hierarchical.NodeTestTask.lambda$executeRecursively$8(NodeTestTask.java:141)\n\tat org.junit.platform.engine.support.hierarchical.Node.around(Node.java:137)\n\tat org.junit.platform.engine.support.hierarchical.NodeTestTask.lambda$executeRecursively$9(NodeTestTask.java:139)\n\tat org.junit.platform.engine.support.hierarchical.ThrowableCollector.execute(ThrowableCollector.java:73)\n\tat org.junit.platform.engine.support.hierarchical.NodeTestTask.executeRecursively(NodeTestTask.java:138)\n\tat org.junit.platform.engine.support.hierarchical.NodeTestTask.execute(NodeTestTask.java:95)\n\tat java.base/java.util.ArrayList.forEach(ArrayList.java:1596)\n\tat org.junit.platform.engine.support.hierarchical.SameThreadHierarchicalTestExecutorService.invokeAll(SameThreadHierarchicalTestExecutorService.java:41)\n\tat org.junit.platform.engine.support.hierarchical.NodeTestTask.lambda$executeRecursively$6(NodeTestTask.java:155)\n\tat org.junit.platform.engine.support.hierarchical.ThrowableCollector.execute(ThrowableCollector.java:73)\n\tat org.junit.platform.engine.support.hierarchical.NodeTestTask.lambda$executeRecursively$8(NodeTestTask.java:141)\n\tat org.junit.platform.engine.support.hierarchical.Node.around(Node.java:137)\n\tat org.junit.platform.engine.support.hierarchical.NodeTestTask.lambda$executeRecursively$9(NodeTestTask.java:139)\n\tat org.junit.platform.engine.support.hierarchical.ThrowableCollector.execute(ThrowableCollector.java:73)\n\tat org.junit.platform.engine.support.hierarchical.NodeTestTask.executeRecursively(NodeTestTask.java:138)\n\tat org.junit.platform.engine.support.hierarchical.NodeTestTask.execute(NodeTestTask.java:95)\n\tat org.junit.platform.engine.support.hierarchical.SameThreadHierarchicalTestExecutorService.submit(SameThreadHierarchicalTestExecutorService.java:35)\n\tat org.junit.platform.engine.support.hierarchical.HierarchicalTestExecutor.execute(HierarchicalTestExecutor.java:57)\n\tat org.junit.platform.engine.support.hierarchical.HierarchicalTestEngine.execute(HierarchicalTestEngine.java:54)\n\tat org.junit.platform.launcher.core.DefaultLauncher.execute(DefaultLauncher.java:229)\n\tat org.junit.platform.launcher.core.DefaultLauncher.lambda$execute$6(DefaultLauncher.java:197)\n\tat org.junit.platform.launcher.core.DefaultLauncher.withInterceptedStreams(DefaultLauncher.java:211)\n\tat org.junit.platform.launcher.core.DefaultLauncher.execute(DefaultLauncher.java:191)\n\tat org.junit.platform.launcher.core.DefaultLauncher.execute(DefaultLauncher.java:128)\n\tat org.apache.maven.surefire.junitplatform.JUnitPlatformProvider.invokeAllTests(JUnitPlatformProvider.java:165)\n\tat org.apache.maven.surefire.junitplatform.JUnitPlatformProvider.invoke(JUnitPlatformProvider.java:128)\n\tat org.apache.maven.surefire.booter.ForkedBooter.runSuitesInProcess(ForkedBooter.java:428)\n\tat org.apache.maven.surefire.booter.ForkedBooter.execute(ForkedBooter.java:162)\n\tat org.apache.maven.surefire.booter.ForkedBooter.run(ForkedBooter.java:562)\n\tat org.apache.maven.surefire.booter.ForkedBooter.main(ForkedBooter.java:548)\n",
    "steps" : [ {
      "name" : "Add and delete medicine",
      "time" : {
        "start" : 1719640669978,
        "stop" : 1719641005293,
        "duration" : 335315
      },
      "status" : "failed",
      "statusMessage" : "Element not found with accessibility ID: By.xpath: //XCUIElementTypeStaticText[@name=\"Заключения врачей\"]",
      "statusTrace" : "java.lang.AssertionError: Element not found with accessibility ID: By.xpath: //XCUIElementTypeStaticText[@name=\"Заключения врачей\"]\n\tat MobileTesting.robots.RobotHelper.assertElementsExist(RobotHelper.java:256)\n\tat MobileTesting.robots.MedcardRobot.clickOnMedcard(MedcardRobot.java:249)\n\tat MobileTesting.tests.MedcardTest.medicineTests(MedcardTest.java:83)\n\tat java.base/jdk.internal.reflect.DirectMethodHandleAccessor.invoke(DirectMethodHandleAccessor.java:103)\n\tat java.base/java.lang.reflect.Method.invoke(Method.java:580)\n\tat org.junit.platform.commons.util.ReflectionUtils.invokeMethod(ReflectionUtils.java:727)\n\tat org.junit.jupiter.engine.execution.MethodInvocation.proceed(MethodInvocation.java:60)\n\tat org.junit.jupiter.engine.execution.InvocationInterceptorChain$ValidatingInvocation.proceed(InvocationInterceptorChain.java:131)\n\tat org.junit.jupiter.engine.extension.TimeoutExtension.intercept(TimeoutExtension.java:156)\n\tat org.junit.jupiter.engine.extension.TimeoutExtension.interceptTestableMethod(TimeoutExtension.java:147)\n\tat org.junit.jupiter.engine.extension.TimeoutExtension.interceptTestMethod(TimeoutExtension.java:86)\n\tat org.junit.jupiter.engine.execution.InterceptingExecutableInvoker$ReflectiveInterceptorCall.lambda$ofVoidMethod$0(InterceptingExecutableInvoker.java:103)\n\tat org.junit.jupiter.engine.execution.InterceptingExecutableInvoker.lambda$invoke$0(InterceptingExecutableInvoker.java:93)\n\tat org.junit.jupiter.engine.execution.InvocationInterceptorChain$InterceptedInvocation.proceed(InvocationInterceptorChain.java:106)\n\tat org.junit.jupiter.engine.execution.InvocationInterceptorChain.proceed(InvocationInterceptorChain.java:64)\n\tat org.junit.jupiter.engine.execution.InvocationInterceptorChain.chainAndInvoke(InvocationInterceptorChain.java:45)\n\tat org.junit.jupiter.engine.execution.InvocationInterceptorChain.invoke(InvocationInterceptorChain.java:37)\n\tat org.junit.jupiter.engine.execution.InterceptingExecutableInvoker.invoke(InterceptingExecutableInvoker.java:92)\n\tat org.junit.jupiter.engine.execution.InterceptingExecutableInvoker.invoke(InterceptingExecutableInvoker.java:86)\n\tat org.junit.jupiter.engine.descriptor.TestMethodTestDescriptor.lambda$invokeTestMethod$7(TestMethodTestDescriptor.java:217)\n\tat org.junit.platform.engine.support.hierarchical.ThrowableCollector.execute(ThrowableCollector.java:73)\n\tat org.junit.jupiter.engine.descriptor.TestMethodTestDescriptor.invokeTestMethod(TestMethodTestDescriptor.java:213)\n\tat org.junit.jupiter.engine.descriptor.TestMethodTestDescriptor.execute(TestMethodTestDescriptor.java:138)\n\tat org.junit.jupiter.engine.descriptor.TestMethodTestDescriptor.execute(TestMethodTestDescriptor.java:68)\n\tat org.junit.platform.engine.support.hierarchical.NodeTestTask.lambda$executeRecursively$6(NodeTestTask.java:151)\n\tat org.junit.platform.engine.support.hierarchical.ThrowableCollector.execute(ThrowableCollector.java:73)\n\tat org.junit.platform.engine.support.hierarchical.NodeTestTask.lambda$executeRecursively$8(NodeTestTask.java:141)\n\tat org.junit.platform.engine.support.hierarchical.Node.around(Node.java:137)\n\tat org.junit.platform.engine.support.hierarchical.NodeTestTask.lambda$executeRecursively$9(NodeTestTask.java:139)\n\tat org.junit.platform.engine.support.hierarchical.ThrowableCollector.execute(ThrowableCollector.java:73)\n\tat org.junit.platform.engine.support.hierarchical.NodeTestTask.executeRecursively(NodeTestTask.java:138)\n\tat org.junit.platform.engine.support.hierarchical.NodeTestTask.execute(NodeTestTask.java:95)\n\tat java.base/java.util.ArrayList.forEach(ArrayList.java:1596)\n\tat org.junit.platform.engine.support.hierarchical.SameThreadHierarchicalTestExecutorService.invokeAll(SameThreadHierarchicalTestExecutorService.java:41)\n\tat org.junit.platform.engine.support.hierarchical.NodeTestTask.lambda$executeRecursively$6(NodeTestTask.java:155)\n\tat org.junit.platform.engine.support.hierarchical.ThrowableCollector.execute(ThrowableCollector.java:73)\n\tat org.junit.platform.engine.support.hierarchical.NodeTestTask.lambda$executeRecursively$8(NodeTestTask.java:141)\n\tat org.junit.platform.engine.support.hierarchical.Node.around(Node.java:137)\n\tat org.junit.platform.engine.support.hierarchical.NodeTestTask.lambda$executeRecursively$9(NodeTestTask.java:139)\n\tat org.junit.platform.engine.support.hierarchical.ThrowableCollector.execute(ThrowableCollector.java:73)\n\tat org.junit.platform.engine.support.hierarchical.NodeTestTask.executeRecursively(NodeTestTask.java:138)\n\tat org.junit.platform.engine.support.hierarchical.NodeTestTask.execute(NodeTestTask.java:95)\n\tat java.base/java.util.ArrayList.forEach(ArrayList.java:1596)\n\tat org.junit.platform.engine.support.hierarchical.SameThreadHierarchicalTestExecutorService.invokeAll(SameThreadHierarchicalTestExecutorService.java:41)\n\tat org.junit.platform.engine.support.hierarchical.NodeTestTask.lambda$executeRecursively$6(NodeTestTask.java:155)\n\tat org.junit.platform.engine.support.hierarchical.ThrowableCollector.execute(ThrowableCollector.java:73)\n\tat org.junit.platform.engine.support.hierarchical.NodeTestTask.lambda$executeRecursively$8(NodeTestTask.java:141)\n\tat org.junit.platform.engine.support.hierarchical.Node.around(Node.java:137)\n\tat org.junit.platform.engine.support.hierarchical.NodeTestTask.lambda$executeRecursively$9(NodeTestTask.java:139)\n\tat org.junit.platform.engine.support.hierarchical.ThrowableCollector.execute(ThrowableCollector.java:73)\n\tat org.junit.platform.engine.support.hierarchical.NodeTestTask.executeRecursively(NodeTestTask.java:138)\n\tat org.junit.platform.engine.support.hierarchical.NodeTestTask.execute(NodeTestTask.java:95)\n\tat org.junit.platform.engine.support.hierarchical.SameThreadHierarchicalTestExecutorService.submit(SameThreadHierarchicalTestExecutorService.java:35)\n\tat org.junit.platform.engine.support.hierarchical.HierarchicalTestExecutor.execute(HierarchicalTestExecutor.java:57)\n\tat org.junit.platform.engine.support.hierarchical.HierarchicalTestEngine.execute(HierarchicalTestEngine.java:54)\n\tat org.junit.platform.launcher.core.DefaultLauncher.execute(DefaultLauncher.java:229)\n\tat org.junit.platform.launcher.core.DefaultLauncher.lambda$execute$6(DefaultLauncher.java:197)\n\tat org.junit.platform.launcher.core.DefaultLauncher.withInterceptedStreams(DefaultLauncher.java:211)\n\tat org.junit.platform.launcher.core.DefaultLauncher.execute(DefaultLauncher.java:191)\n\tat org.junit.platform.launcher.core.DefaultLauncher.execute(DefaultLauncher.java:128)\n\tat org.apache.maven.surefire.junitplatform.JUnitPlatformProvider.invokeAllTests(JUnitPlatformProvider.java:165)\n\tat org.apache.maven.surefire.junitplatform.JUnitPlatformProvider.invoke(JUnitPlatformProvider.java:128)\n\tat org.apache.maven.surefire.booter.ForkedBooter.runSuitesInProcess(ForkedBooter.java:428)\n\tat org.apache.maven.surefire.booter.ForkedBooter.execute(ForkedBooter.java:162)\n\tat org.apache.maven.surefire.booter.ForkedBooter.run(ForkedBooter.java:562)\n\tat org.apache.maven.surefire.booter.ForkedBooter.main(ForkedBooter.java:548)\n",
      "steps" : [ {
        "name" : "Login",
        "time" : {
          "start" : 1719640669978,
          "stop" : 1719640770821,
          "duration" : 100843
        },
        "status" : "passed",
        "steps" : [ {
          "name" : "Fill and send login form",
          "time" : {
            "start" : 1719640669978,
            "stop" : 1719640699092,
            "duration" : 29114
          },
          "status" : "passed",
          "steps" : [ {
            "name" : "Click on authorization button",
            "time" : {
              "start" : 1719640669978,
              "stop" : 1719640672935,
              "duration" : 2957
            },
            "status" : "passed",
            "steps" : [ ],
            "attachments" : [ {
              "uid" : "754c2105cd554b20",
              "name" : "Login form",
              "source" : "754c2105cd554b20.png",
              "type" : "image/png",
              "size" : 340112
            } ],
            "parameters" : [ ],
            "stepsCount" : 0,
            "hasContent" : true,
            "attachmentsCount" : 1,
            "shouldDisplayMessage" : false
          }, {
            "name" : "Input email",
            "time" : {
              "start" : 1719640672935,
              "stop" : 1719640674814,
              "duration" : 1879
            },
            "status" : "passed",
            "steps" : [ ],
            "attachments" : [ ],
            "parameters" : [ {
              "name" : "username",
              "value" : "artur.antonov@overteam.ru"
            } ],
            "stepsCount" : 0,
            "hasContent" : true,
            "attachmentsCount" : 0,
            "shouldDisplayMessage" : false
          }, {
            "name" : "Input password",
            "time" : {
              "start" : 1719640674815,
              "stop" : 1719640677862,
              "duration" : 3047
            },
            "status" : "passed",
            "steps" : [ ],
            "attachments" : [ ],
            "parameters" : [ {
              "name" : "password",
              "value" : "Artur.antonov@overteam.ru1101"
            } ],
            "stepsCount" : 0,
            "hasContent" : true,
            "attachmentsCount" : 0,
            "shouldDisplayMessage" : false
          }, {
            "name" : "Click on login button",
            "time" : {
              "start" : 1719640677862,
              "stop" : 1719640680147,
              "duration" : 2285
            },
            "status" : "passed",
            "steps" : [ ],
            "attachments" : [ {
              "uid" : "7c2a634778a72690",
              "name" : "Login form filled",
              "source" : "7c2a634778a72690.png",
              "type" : "image/png",
              "size" : 250957
            } ],
            "parameters" : [ ],
            "stepsCount" : 0,
            "hasContent" : true,
            "attachmentsCount" : 1,
            "shouldDisplayMessage" : false
          }, {
            "name" : "Confirm captcha",
            "time" : {
              "start" : 1719640695240,
              "stop" : 1719640699092,
              "duration" : 3852
            },
            "status" : "passed",
            "steps" : [ ],
            "attachments" : [ {
              "uid" : "5e0935b57a3c60ef",
              "name" : "Captcha solved",
              "source" : "5e0935b57a3c60ef.png",
              "type" : "image/png",
              "size" : 591901
            } ],
            "parameters" : [ ],
            "stepsCount" : 0,
            "hasContent" : true,
            "attachmentsCount" : 1,
            "shouldDisplayMessage" : false
          } ],
          "attachments" : [ ],
          "parameters" : [ {
            "name" : "username",
            "value" : "artur.antonov@overteam.ru"
          }, {
            "name" : "password",
            "value" : "Artur.antonov@overteam.ru1101"
          } ],
          "stepsCount" : 5,
          "hasContent" : true,
          "attachmentsCount" : 3,
          "shouldDisplayMessage" : false
        }, {
          "name" : "Enter PIN code",
          "time" : {
            "start" : 1719640699092,
            "stop" : 1719640770821,
            "duration" : 71729
          },
          "status" : "passed",
          "steps" : [ ],
          "attachments" : [ {
            "uid" : "9473f7f89547f48a",
            "name" : "Think of PIN screen",
            "source" : "9473f7f89547f48a.png",
            "type" : "image/png",
            "size" : 97363
          }, {
            "uid" : "1378a4d29a819303",
            "name" : "Confirm of PIN screen",
            "source" : "1378a4d29a819303.png",
            "type" : "image/png",
            "size" : 93807
          }, {
            "uid" : "625f8b68957940be",
            "name" : "Health page",
            "source" : "625f8b68957940be.png",
            "type" : "image/png",
            "size" : 525422
          } ],
          "parameters" : [ ],
          "stepsCount" : 0,
          "hasContent" : true,
          "attachmentsCount" : 3,
          "shouldDisplayMessage" : false
        } ],
        "attachments" : [ ],
        "parameters" : [ {
          "name" : "username",
          "value" : "artur.antonov@overteam.ru"
        }, {
          "name" : "password",
          "value" : "Artur.antonov@overteam.ru1101"
        } ],
        "stepsCount" : 7,
        "hasContent" : true,
        "attachmentsCount" : 6,
        "shouldDisplayMessage" : false
      }, {
        "name" : "Click on medical card",
        "time" : {
          "start" : 1719640770822,
          "stop" : 1719641005293,
          "duration" : 234471
        },
        "status" : "failed",
        "statusMessage" : "Element not found with accessibility ID: By.xpath: //XCUIElementTypeStaticText[@name=\"Заключения врачей\"]",
        "statusTrace" : "java.lang.AssertionError: Element not found with accessibility ID: By.xpath: //XCUIElementTypeStaticText[@name=\"Заключения врачей\"]\n\tat MobileTesting.robots.RobotHelper.assertElementsExist(RobotHelper.java:256)\n\tat MobileTesting.robots.MedcardRobot.clickOnMedcard(MedcardRobot.java:249)\n\tat MobileTesting.tests.MedcardTest.medicineTests(MedcardTest.java:83)\n\tat java.base/jdk.internal.reflect.DirectMethodHandleAccessor.invoke(DirectMethodHandleAccessor.java:103)\n\tat java.base/java.lang.reflect.Method.invoke(Method.java:580)\n\tat org.junit.platform.commons.util.ReflectionUtils.invokeMethod(ReflectionUtils.java:727)\n\tat org.junit.jupiter.engine.execution.MethodInvocation.proceed(MethodInvocation.java:60)\n\tat org.junit.jupiter.engine.execution.InvocationInterceptorChain$ValidatingInvocation.proceed(InvocationInterceptorChain.java:131)\n\tat org.junit.jupiter.engine.extension.TimeoutExtension.intercept(TimeoutExtension.java:156)\n\tat org.junit.jupiter.engine.extension.TimeoutExtension.interceptTestableMethod(TimeoutExtension.java:147)\n\tat org.junit.jupiter.engine.extension.TimeoutExtension.interceptTestMethod(TimeoutExtension.java:86)\n\tat org.junit.jupiter.engine.execution.InterceptingExecutableInvoker$ReflectiveInterceptorCall.lambda$ofVoidMethod$0(InterceptingExecutableInvoker.java:103)\n\tat org.junit.jupiter.engine.execution.InterceptingExecutableInvoker.lambda$invoke$0(InterceptingExecutableInvoker.java:93)\n\tat org.junit.jupiter.engine.execution.InvocationInterceptorChain$InterceptedInvocation.proceed(InvocationInterceptorChain.java:106)\n\tat org.junit.jupiter.engine.execution.InvocationInterceptorChain.proceed(InvocationInterceptorChain.java:64)\n\tat org.junit.jupiter.engine.execution.InvocationInterceptorChain.chainAndInvoke(InvocationInterceptorChain.java:45)\n\tat org.junit.jupiter.engine.execution.InvocationInterceptorChain.invoke(InvocationInterceptorChain.java:37)\n\tat org.junit.jupiter.engine.execution.InterceptingExecutableInvoker.invoke(InterceptingExecutableInvoker.java:92)\n\tat org.junit.jupiter.engine.execution.InterceptingExecutableInvoker.invoke(InterceptingExecutableInvoker.java:86)\n\tat org.junit.jupiter.engine.descriptor.TestMethodTestDescriptor.lambda$invokeTestMethod$7(TestMethodTestDescriptor.java:217)\n\tat org.junit.platform.engine.support.hierarchical.ThrowableCollector.execute(ThrowableCollector.java:73)\n\tat org.junit.jupiter.engine.descriptor.TestMethodTestDescriptor.invokeTestMethod(TestMethodTestDescriptor.java:213)\n\tat org.junit.jupiter.engine.descriptor.TestMethodTestDescriptor.execute(TestMethodTestDescriptor.java:138)\n\tat org.junit.jupiter.engine.descriptor.TestMethodTestDescriptor.execute(TestMethodTestDescriptor.java:68)\n\tat org.junit.platform.engine.support.hierarchical.NodeTestTask.lambda$executeRecursively$6(NodeTestTask.java:151)\n\tat org.junit.platform.engine.support.hierarchical.ThrowableCollector.execute(ThrowableCollector.java:73)\n\tat org.junit.platform.engine.support.hierarchical.NodeTestTask.lambda$executeRecursively$8(NodeTestTask.java:141)\n\tat org.junit.platform.engine.support.hierarchical.Node.around(Node.java:137)\n\tat org.junit.platform.engine.support.hierarchical.NodeTestTask.lambda$executeRecursively$9(NodeTestTask.java:139)\n\tat org.junit.platform.engine.support.hierarchical.ThrowableCollector.execute(ThrowableCollector.java:73)\n\tat org.junit.platform.engine.support.hierarchical.NodeTestTask.executeRecursively(NodeTestTask.java:138)\n\tat org.junit.platform.engine.support.hierarchical.NodeTestTask.execute(NodeTestTask.java:95)\n\tat java.base/java.util.ArrayList.forEach(ArrayList.java:1596)\n\tat org.junit.platform.engine.support.hierarchical.SameThreadHierarchicalTestExecutorService.invokeAll(SameThreadHierarchicalTestExecutorService.java:41)\n\tat org.junit.platform.engine.support.hierarchical.NodeTestTask.lambda$executeRecursively$6(NodeTestTask.java:155)\n\tat org.junit.platform.engine.support.hierarchical.ThrowableCollector.execute(ThrowableCollector.java:73)\n\tat org.junit.platform.engine.support.hierarchical.NodeTestTask.lambda$executeRecursively$8(NodeTestTask.java:141)\n\tat org.junit.platform.engine.support.hierarchical.Node.around(Node.java:137)\n\tat org.junit.platform.engine.support.hierarchical.NodeTestTask.lambda$executeRecursively$9(NodeTestTask.java:139)\n\tat org.junit.platform.engine.support.hierarchical.ThrowableCollector.execute(ThrowableCollector.java:73)\n\tat org.junit.platform.engine.support.hierarchical.NodeTestTask.executeRecursively(NodeTestTask.java:138)\n\tat org.junit.platform.engine.support.hierarchical.NodeTestTask.execute(NodeTestTask.java:95)\n\tat java.base/java.util.ArrayList.forEach(ArrayList.java:1596)\n\tat org.junit.platform.engine.support.hierarchical.SameThreadHierarchicalTestExecutorService.invokeAll(SameThreadHierarchicalTestExecutorService.java:41)\n\tat org.junit.platform.engine.support.hierarchical.NodeTestTask.lambda$executeRecursively$6(NodeTestTask.java:155)\n\tat org.junit.platform.engine.support.hierarchical.ThrowableCollector.execute(ThrowableCollector.java:73)\n\tat org.junit.platform.engine.support.hierarchical.NodeTestTask.lambda$executeRecursively$8(NodeTestTask.java:141)\n\tat org.junit.platform.engine.support.hierarchical.Node.around(Node.java:137)\n\tat org.junit.platform.engine.support.hierarchical.NodeTestTask.lambda$executeRecursively$9(NodeTestTask.java:139)\n\tat org.junit.platform.engine.support.hierarchical.ThrowableCollector.execute(ThrowableCollector.java:73)\n\tat org.junit.platform.engine.support.hierarchical.NodeTestTask.executeRecursively(NodeTestTask.java:138)\n\tat org.junit.platform.engine.support.hierarchical.NodeTestTask.execute(NodeTestTask.java:95)\n\tat org.junit.platform.engine.support.hierarchical.SameThreadHierarchicalTestExecutorService.submit(SameThreadHierarchicalTestExecutorService.java:35)\n\tat org.junit.platform.engine.support.hierarchical.HierarchicalTestExecutor.execute(HierarchicalTestExecutor.java:57)\n\tat org.junit.platform.engine.support.hierarchical.HierarchicalTestEngine.execute(HierarchicalTestEngine.java:54)\n\tat org.junit.platform.launcher.core.DefaultLauncher.execute(DefaultLauncher.java:229)\n\tat org.junit.platform.launcher.core.DefaultLauncher.lambda$execute$6(DefaultLauncher.java:197)\n\tat org.junit.platform.launcher.core.DefaultLauncher.withInterceptedStreams(DefaultLauncher.java:211)\n\tat org.junit.platform.launcher.core.DefaultLauncher.execute(DefaultLauncher.java:191)\n\tat org.junit.platform.launcher.core.DefaultLauncher.execute(DefaultLauncher.java:128)\n\tat org.apache.maven.surefire.junitplatform.JUnitPlatformProvider.invokeAllTests(JUnitPlatformProvider.java:165)\n\tat org.apache.maven.surefire.junitplatform.JUnitPlatformProvider.invoke(JUnitPlatformProvider.java:128)\n\tat org.apache.maven.surefire.booter.ForkedBooter.runSuitesInProcess(ForkedBooter.java:428)\n\tat org.apache.maven.surefire.booter.ForkedBooter.execute(ForkedBooter.java:162)\n\tat org.apache.maven.surefire.booter.ForkedBooter.run(ForkedBooter.java:562)\n\tat org.apache.maven.surefire.booter.ForkedBooter.main(ForkedBooter.java:548)\n",
        "steps" : [ ],
        "attachments" : [ ],
        "parameters" : [ ],
        "stepsCount" : 0,
        "hasContent" : true,
        "attachmentsCount" : 0,
        "shouldDisplayMessage" : true
      } ],
      "attachments" : [ ],
      "parameters" : [ ],
      "stepsCount" : 9,
      "hasContent" : true,
      "attachmentsCount" : 6,
      "shouldDisplayMessage" : false
    } ],
    "attachments" : [ {
      "uid" : "fac91f04b7a8f9f9",
      "name" : "Final screenshot",
      "source" : "fac91f04b7a8f9f9.png",
      "type" : "image/png",
      "size" : 217071
    } ],
    "parameters" : [ ],
    "stepsCount" : 10,
    "hasContent" : true,
    "attachmentsCount" : 7,
    "shouldDisplayMessage" : false
  },
  "afterStages" : [ ],
  "labels" : [ {
    "name" : "host",
    "value" : "Mac-mini-1.local"
  }, {
    "name" : "thread",
    "value" : "23244@Mac-mini-1.local.main(1)"
  }, {
    "name" : "framework",
    "value" : "junit-platform"
  }, {
    "name" : "language",
    "value" : "java"
  }, {
    "name" : "package",
    "value" : "MobileTesting.tests.MedcardTest"
  }, {
    "name" : "testClass",
    "value" : "MobileTesting.tests.MedcardTest"
  }, {
    "name" : "testMethod",
    "value" : "medicineTests"
  }, {
    "name" : "suite",
    "value" : "MobileTesting.tests.MedcardTest"
  }, {
    "name" : "resultFormat",
    "value" : "allure2"
  } ],
  "parameters" : [ ],
  "links" : [ ],
  "hidden" : false,
  "retry" : false,
  "extra" : {
    "severity" : "normal",
    "retries" : [ ],
    "categories" : [ {
      "name" : "Product defects",
      "matchedStatuses" : [ ],
      "flaky" : false
    } ],
    "history" : {
      "statistic" : {
        "failed" : 11,
        "broken" : 3,
        "skipped" : 0,
        "passed" : 0,
        "unknown" : 0,
        "total" : 14
      },
      "items" : [ {
        "uid" : "23956c3fb7a7f5bd",
        "status" : "broken",
        "statusDetails" : "Expected condition failed: waiting for visibility of element located by By.xpath: //XCUIElementTypeStaticText[@name=\"Придумайте ПИН-код\"] (tried for 15 second(s) with 500 milliseconds interval)",
        "time" : {
          "start" : 1719020721260,
          "stop" : 1719020772740,
          "duration" : 51480
        }
      }, {
        "uid" : "8128514e0567e104",
        "status" : "broken",
        "statusDetails" : "Expected condition failed: waiting for visibility of element located by By.xpath: //XCUIElementTypeStaticText[@name=\"Придумайте ПИН-код\"] (tried for 15 second(s) with 500 milliseconds interval)",
        "time" : {
          "start" : 1718974358423,
          "stop" : 1718974409871,
          "duration" : 51448
        }
      }, {
        "uid" : "d84ed395406bb302",
        "status" : "failed",
        "statusDetails" : "Element not found with accessibility ID: By.xpath: //XCUIElementTypeStaticText[@name=\"Заключения врачей\"]",
        "time" : {
          "start" : 1718906457352,
          "stop" : 1718906758102,
          "duration" : 300750
        }
      }, {
        "uid" : "1b358e082724094c",
        "status" : "failed",
        "statusDetails" : "Element not found with accessibility ID: By.xpath: //XCUIElementTypeStaticText[@name=\"Заключения врачей\"]",
        "time" : {
          "start" : 1718424176621,
          "stop" : 1718424477395,
          "duration" : 300774
        }
      }, {
        "uid" : "82bfdd0652cc7471",
        "status" : "failed",
        "statusDetails" : "Element not found with accessibility ID: By.xpath: //XCUIElementTypeStaticText[@name=\"Заключения врачей\"]",
        "time" : {
          "start" : 1718224783864,
          "stop" : 1718225101044,
          "duration" : 317180
        }
      }, {
        "uid" : "40c0eeaa37206387",
        "status" : "failed",
        "statusDetails" : "Element not found with accessibility ID: By.xpath: //XCUIElementTypeStaticText[@name=\"Заключения врачей\"]",
        "time" : {
          "start" : 1718138283457,
          "stop" : 1718138601245,
          "duration" : 317788
        }
      }, {
        "uid" : "e9e70d78db6487ec",
        "status" : "failed",
        "statusDetails" : "Element not found with accessibility ID: By.xpath: //XCUIElementTypeStaticText[@name=\"Заключения врачей\"]",
        "time" : {
          "start" : 1718049869697,
          "stop" : 1718050177944,
          "duration" : 308247
        }
      }, {
        "uid" : "a4ef69aa1d866fe5",
        "status" : "failed",
        "statusDetails" : "Element not found with accessibility ID: By.xpath: //XCUIElementTypeStaticText[@name=\"Заключения врачей\"]",
        "time" : {
          "start" : 1718021578919,
          "stop" : 1718021888504,
          "duration" : 309585
        }
      }, {
        "uid" : "f9a8d98a8fe766ed",
        "status" : "failed",
        "statusDetails" : "Element not found with accessibility ID: By.xpath: //XCUIElementTypeStaticText[@name=\"Заключения врачей\"]",
        "time" : {
          "start" : 1716813113569,
          "stop" : 1716813407874,
          "duration" : 294305
        }
      }, {
        "uid" : "f4dbb7d55bf874c2",
        "status" : "broken",
        "statusDetails" : "Expected condition failed: waiting for element to be clickable: By.IosNsPredicate: label == \"Войти\" AND name == \"Войти\" AND type == \"XCUIElementTypeButton\" (tried for 15 second(s) with 500 milliseconds interval)",
        "time" : {
          "start" : 1715808448649,
          "stop" : 1715808501864,
          "duration" : 53215
        }
      }, {
        "uid" : "2e8a9d760eacfe68",
        "status" : "failed",
        "statusDetails" : "Element not found with accessibility ID: By.xpath: //XCUIElementTypeStaticText[@name=\"Заключения врачей\"]",
        "time" : {
          "start" : 1715683074960,
          "stop" : 1715683383586,
          "duration" : 308626
        }
      }, {
        "uid" : "dce98f0e4a979e12",
        "status" : "failed",
        "statusDetails" : "Element not found with accessibility ID: By.xpath: //XCUIElementTypeStaticText[@name=\"Заключения врачей\"]",
        "time" : {
          "start" : 1714951182952,
          "stop" : 1714951517838,
          "duration" : 334886
        }
      }, {
        "uid" : "6b39069c49f0cba4",
        "status" : "failed",
        "statusDetails" : "Element not found with accessibility ID: By.xpath: //XCUIElementTypeStaticText[@name=\"Заключения врачей\"]",
        "time" : {
          "start" : 1714367111158,
          "stop" : 1714367430685,
          "duration" : 319527
        }
      } ]
    },
    "tags" : [ ]
  },
  "source" : "fcf9bd638cc56e6d.json",
  "parameterValues" : [ ]
}